[2022-04-11 00:11:36] 正在初始化
[2022-04-11 00:11:36] 成功加载 9 门课程
[2022-04-11 00:11:36] 初始化完成
[2022-04-11 00:11:36] Web 服务启动成功，请访问 http://localhost:9090 进入系统
[2022-04-11 00:11:44] curri.Name:计算机网络
[2022-04-11 00:11:44] curriName:"计算机网络"
[2022-04-11 00:11:44] curri.Name:计算机组成原理
[2022-04-11 00:11:44] curriName:"计算机网络"
[2022-04-11 00:11:44] curri.Name:数字逻辑课程设计
[2022-04-11 00:11:44] curriName:"计算机网络"
[2022-04-11 00:11:44] curri.Name:毛概
[2022-04-11 00:11:44] curriName:"计算机网络"
[2022-04-11 00:11:44] curri.Name:数据结构课程设计
[2022-04-11 00:11:44] curriName:"计算机网络"
[2022-04-11 00:11:44] curri.Name:体育基础
[2022-04-11 00:11:44] curriName:"计算机网络"
[2022-04-11 00:11:44] curri.Name:形势与政策
[2022-04-11 00:11:44] curriName:"计算机网络"
[2022-04-11 00:11:44] curri.Name:形式语言与自动机
[2022-04-11 00:11:44] curriName:"计算机网络"
[2022-04-11 00:11:44] curri.Name:Java程序设计
[2022-04-11 00:11:44] curriName:"计算机网络"
