[2022-04-13 21:19:04] 正在初始化
[2022-04-13 21:19:04] 成功加载 9 门课程
[2022-04-13 21:19:04] 成功加载 2 类活动
[2022-04-13 21:19:04] 初始化完成
[2022-04-13 21:19:04] Web 服务启动成功，请访问 http://localhost:9090 进入系统
[2022-04-13 21:19:15] 接收控制信息：是否为管理员： false ，是否暂停时间： false ,时间倍速： 1

[2022-04-13 21:19:16] 接收控制信息：是否为管理员： false ，是否暂停时间： true ,时间倍速： 1

[2022-04-13 21:19:16] 接收控制信息：是否为管理员： false ，是否暂停时间： false ,时间倍速： 1

[2022-04-13 21:19:19] 接收控制信息：是否为管理员： false ，是否暂停时间： true ,时间倍速： 1

[2022-04-13 21:19:20] 接收控制信息：是否为管理员： false ，是否暂停时间： false ,时间倍速： 1

[2022-04-13 21:19:21] 接收控制信息：是否为管理员： false ，是否暂停时间： true ,时间倍速： 1

[2022-04-13 21:19:22] 接收控制信息：是否为管理员： false ，是否暂停时间： false ,时间倍速： 1

[2022-04-13 21:19:25] 接收控制信息：是否为管理员： false ，是否暂停时间： true ,时间倍速： 1

[2022-04-13 21:19:25] 接收控制信息：是否为管理员： false ，是否暂停时间： false ,时间倍速： 1

[2022-04-13 21:19:26] 接收控制信息：是否为管理员： false ，是否暂停时间： true ,时间倍速： 1

[2022-04-13 21:19:27] 接收控制信息：是否为管理员： false ，是否暂停时间： false ,时间倍速： 1

[2022-04-13 21:19:27] 接收控制信息：是否为管理员： false ，是否暂停时间： true ,时间倍速： 1

[2022-04-13 21:19:28] 接收控制信息：是否为管理员： false ，是否暂停时间： false ,时间倍速： 1

[2022-04-13 21:19:29] 接收控制信息：是否为管理员： false ，是否暂停时间： true ,时间倍速： 1

[2022-04-13 21:19:29] 接收控制信息：是否为管理员： false ，是否暂停时间： false ,时间倍速： 1

[2022-04-13 21:19:29] 接收控制信息：是否为管理员： false ，是否暂停时间： true ,时间倍速： 1

[2022-04-13 21:19:30] 接收控制信息：是否为管理员： false ，是否暂停时间： false ,时间倍速： 1

[2022-04-13 21:19:31] 接收控制信息：是否为管理员： false ，是否暂停时间： true ,时间倍速： 1

