[2022-05-24 20:17:53] 正在初始化
[2022-05-24 20:17:53] 成功加载 9 门课程
[2022-05-24 20:17:53] 初始化完成
[2022-05-24 20:17:53] Web 服务启动成功，请访问 http://localhost:9090 进入系统
[2022-05-24 20:55:35] 2021/1/4 星期6 00:00  控制信息：[是否为管理员: true, 是否暂停时间: true, 时间倍速: 1]

[2022-05-24 20:55:38] 2021/1/4 星期6 00:00  新增作业: [2021/1/4 00:00, 课程名: 计算机网络, 作业标题: 写一篇论文, 作业描述: 111]

[2022-05-24 20:55:46] 文件 111.docx 压缩前大小: 12.25 KB
[2022-05-24 20:55:46] 文件 111.docx 压缩后大小: 14.37 KB
[2022-05-24 20:55:46] 压缩文件 [111.docx]，压缩率 117.28%
[2022-05-24 20:55:46] 验证成功！解压文件[111.docx]的MD5值与原文件一致
[2022-05-24 20:55:46] 2021/1/4 星期6 00:00  存入文件 [111.docx]
[2022-05-24 20:55:46] 2021/1/4 星期6 00:00  上传资料: [2021/1/4 00:00, 课程名: 计算机网络, 资料名: 111.docx, 资料备注: ]

[2022-05-24 20:55:59] 上传作业[111.docx]：原文件大小：12.25 KB
[2022-05-24 20:55:59] 上传作业[111.docx]：压缩后文件大小：14.37 KB
[2022-05-24 20:55:59] 压缩文件 111.docx，压缩率 117.28%
[2022-05-24 20:55:59] 验证成功！解压文件[111.docx]MD5与原文件一致
[2022-05-24 20:55:59] 2021/1/4 星期6 00:00  存入文件 111.docx
[2022-05-24 20:55:59] 2021/1/4 星期6 00:00  上传作业: [2021/1/4 00:00, 课程名: 计算机网络, 作业标题: 写一篇论文, 作业名: 111.docx, 作业备注: ]

[2022-05-24 20:56:03] 2021/1/4 星期6 00:00  文件 file\Homework\计算机网络\111.docx 已存在
[2022-05-24 20:56:07] 上传作业[233.docx]：原文件大小：114.22 KB
[2022-05-24 20:56:07] 上传作业[233.docx]：压缩后文件大小：115.22 KB
[2022-05-24 20:56:07] 压缩文件 233.docx，压缩率 100.87%
[2022-05-24 20:56:07] 验证成功！解压文件[233.docx]MD5与原文件一致
[2022-05-24 20:56:07] 2021/1/4 星期6 00:00  存入文件 233.docx
[2022-05-24 20:56:07] 2021/1/4 星期6 00:00  上传作业: [2021/1/4 00:00, 课程名: 计算机网络, 作业标题: 写一篇论文, 作业名: 233.docx, 作业备注: ]

[2022-05-24 20:56:38] 2021/1/4 星期6 00:00  控制信息：[是否为管理员: false, 是否暂停时间: true, 时间倍速: 1]

[2022-05-24 20:56:45] 上传作业[新建 Microsoft Word 文档.docx]：原文件大小：391.44 KB
[2022-05-24 20:56:45] 上传作业[新建 Microsoft Word 文档.docx]：压缩后文件大小：394.51 KB
[2022-05-24 20:56:46] 压缩文件 新建 Microsoft Word 文档.docx，压缩率 100.78%
[2022-05-24 20:56:46] 验证成功！解压文件[新建 Microsoft Word 文档.docx]MD5与原文件一致
[2022-05-24 20:56:46] 2021/1/4 星期6 00:00  存入文件 新建 Microsoft Word 文档.docx
[2022-05-24 20:56:46] 2021/1/4 星期6 00:00  上传作业: [2021/1/4 00:00, 课程名: 计算机网络, 作业标题: 写一篇论文, 作业名: 新建 microsoft word 文档.docx, 作业备注: ]

[2022-05-24 21:33:28] 2021/1/4 星期6 00:00  控制信息：[是否为管理员: true, 是否暂停时间: true, 时间倍速: 1]

[2022-05-24 21:33:34] 2021/1/4 星期6 00:00  新增作业: [2021/1/4 00:00, 课程名: 计算机网络, 作业标题: 写一篇论文, 作业描述: 1]

[2022-05-24 21:33:50] 上传作业[（补充）api和一些数据结构的要求.docx]：原文件大小：793.30 KB
[2022-05-24 21:33:50] 上传作业[（补充）api和一些数据结构的要求.docx]：压缩后文件大小：795.72 KB
[2022-05-24 21:33:50] 压缩文件 （补充）api和一些数据结构的要求.docx，压缩率 100.30%
[2022-05-24 21:33:50] 验证成功！解压文件[（补充）api和一些数据结构的要求.docx]MD5与原文件一致
[2022-05-24 21:33:50] 2021/1/4 星期6 00:00  存入文件 （补充）api和一些数据结构的要求.docx
[2022-05-24 21:33:50] 2021/1/4 星期6 00:00  上传作业: [2021/1/4 00:00, 课程名: 计算机网络, 作业标题: 写一篇论文, 作业名: （补充）api和一些数据结构的要求.docx, 作业备注: ]

[2022-05-24 21:34:15] 上传作业[计网报告20220506.doc]：原文件大小：1097.73 KB
[2022-05-24 21:34:15] 上传作业[计网报告20220506.doc]：压缩后文件大小：1070.75 KB
[2022-05-24 21:34:15] 压缩文件 计网报告20220506.doc，压缩率 97.54%
[2022-05-24 21:34:15] 验证成功！解压文件[计网报告20220506.doc]MD5与原文件一致
[2022-05-24 21:34:15] 2021/1/4 星期6 00:00  存入文件 计网报告20220506.doc
[2022-05-24 21:34:15] 2021/1/4 星期6 00:00  上传作业: [2021/1/4 00:00, 课程名: 计算机网络, 作业标题: 写一篇论文, 作业名: 计网报告20220506.doc, 作业备注: ]

