[2022-04-11 13:45:09] 正在初始化
[2022-04-11 13:45:09] 成功加载 9 门课程
[2022-04-11 13:45:09] 初始化完成
[2022-04-11 13:45:09] Web 服务启动成功，请访问 http://localhost:9090 进入系统
[2022-04-11 14:04:55] 接收控制信息：是否为管理员： false ，是否暂停时间： false ,时间倍速： 1

[2022-04-11 14:04:57] 接收控制信息：是否为管理员： false ，是否暂停时间： false ,时间倍速： 1

[2022-04-11 14:04:58] 接收控制信息：是否为管理员： false ，是否暂停时间： false ,时间倍速： 1

[2022-04-11 14:04:59] 接收控制信息：是否为管理员： false ，是否暂停时间： true ,时间倍速： 1

[2022-04-11 15:36:50] 新增活动，时间: 星期 1 - 0 时 - 0 分，校区： 沙河校区 ，地点： 教学楼 ,教室号: N111 ,备注: 123 ,活动类型: 

[2022-04-11 15:37:16] 新增活动，时间: 星期 1 - 0 时 - 0 分，校区： 沙河校区 ，地点： 教学楼 ,教室号: N111 ,备注: 122 ,活动类型: 个人活动

[2022-04-11 15:37:19] 删除活动，时间: 星期 1 - 0 时 - 0 分，校区： 沙河校区 ，地点： 教学楼 ,教室号: N111 ,备注: 123 ,活动类型: 

[2022-04-11 15:38:47] 新增活动，时间: 星期 1 - 0 时 - 0 分，校区： 沙河校区 ，地点： 教学楼 ,教室号: N111 ,备注: 123 ,活动类型: 个人活动

[2022-04-11 15:38:57] 新增活动，时间: 星期 1 - 0 时 - 0 分，校区： 沙河校区 ，地点： 教学楼 ,教室号: N111 ,备注: 2333333 ,活动类型: 个人活动

[2022-04-11 15:39:01] 新增活动，时间: 星期 1 - 0 时 - 0 分，校区： 沙河校区 ，地点： 教学楼 ,教室号: N111 ,备注: 2333333 ,活动类型: 个人活动

[2022-04-11 15:39:04] 接收控制信息：是否为管理员： false ，是否暂停时间： false ,时间倍速： 1

[2022-04-11 15:39:05] 接收控制信息：是否为管理员： false ，是否暂停时间： true ,时间倍速： 1

[2022-04-11 15:39:15] 新增活动，时间: 星期 1 - 13 时 - 0 分，校区： 沙河校区 ，地点： 教学楼 ,教室号: N111 ,备注: 2333333 ,活动类型: 个人活动

[2022-04-11 15:39:18] 接收控制信息：是否为管理员： false ，是否暂停时间： false ,时间倍速： 1

[2022-04-11 15:39:21] 接收控制信息：是否为管理员： false ，是否暂停时间： false ,时间倍速： 2

[2022-04-11 15:39:21] 接收控制信息：是否为管理员： false ，是否暂停时间： false ,时间倍速： 2

[2022-04-11 15:39:21] 接收控制信息：是否为管理员： false ，是否暂停时间： false ,时间倍速： 5

[2022-04-11 15:39:21] 接收控制信息：是否为管理员： false ，是否暂停时间： false ,时间倍速： 5

[2022-04-11 15:39:22] 接收控制信息：是否为管理员： false ，是否暂停时间： false ,时间倍速： 10

[2022-04-11 15:39:22] 接收控制信息：是否为管理员： false ，是否暂停时间： false ,时间倍速： 10

[2022-04-11 15:39:34] 接收控制信息：是否为管理员： false ，是否暂停时间： false ,时间倍速： 1

[2022-04-11 15:39:34] 接收控制信息：是否为管理员： false ，是否暂停时间： false ,时间倍速： 1

[2022-04-11 15:41:51] 接收控制信息：是否为管理员： false ，是否暂停时间： false ,时间倍速： 1

[2022-04-11 15:42:04] 删除考试,时间：星期 1 - 第 12 节，校区： 沙河校区 ，地点： 教学楼 ，教室号: N516 ，名称： 计算机网络

[2022-04-11 15:42:38] 删除考试,时间：星期 1 - 第 13 节，校区： 沙河校区 ，地点： 教学楼 ，教室号: N516 ，名称： 计算机网络

[2022-04-11 15:42:49] 接收控制信息：是否为管理员： false ，是否暂停时间： false ,时间倍速： 1

[2022-04-11 15:42:54] 删除考试,时间：星期 1 - 第 14 节，校区： 沙河校区 ，地点： 教学楼 ，教室号: N516 ，名称： 计算机网络

[2022-04-11 15:43:12] 接收控制信息：是否为管理员： false ，是否暂停时间： false ,时间倍速： 1

[2022-04-11 15:50:36] 接收控制信息：是否为管理员： false ，是否暂停时间： false ,时间倍速： 1

[2022-04-11 15:50:37] 接收控制信息：是否为管理员： false ，是否暂停时间： false ,时间倍速： 1

[2022-04-11 15:50:46] 新增活动，时间: 星期 1 - 0 时 - 0 分，校区： 沙河校区 ，地点： 教学楼 ,教室号: N111 ,备注: 23333 ,活动类型: 个人活动

[2022-04-11 16:05:18] 接收控制信息：是否为管理员： false ，是否暂停时间： false ,时间倍速： 1

[2022-04-11 16:05:18] 接收控制信息：是否为管理员： false ，是否暂停时间： false ,时间倍速： 1

[2022-04-11 16:05:42] 接收控制信息：是否为管理员： false ，是否暂停时间： false ,时间倍速： 1

[2022-04-11 16:05:42] 接收控制信息：是否为管理员： false ，是否暂停时间： false ,时间倍速： 1

[2022-04-11 16:05:42] 接收控制信息：是否为管理员： false ，是否暂停时间： false ,时间倍速： 1

[2022-04-11 16:05:43] 接收控制信息：是否为管理员： false ，是否暂停时间： false ,时间倍速： 1

[2022-04-11 16:17:37] 接收控制信息：是否为管理员： false ，是否暂停时间： false ,时间倍速： 1

[2022-04-11 16:17:53] 新增活动，时间: 星期 1 - 8 时 - 0 分，校区： 沙河校区 ，地点： 教学楼 ,教室号: N111 ,备注: 233 ,活动类型: 个人活动

[2022-04-11 16:29:37] 接收控制信息：是否为管理员： false ，是否暂停时间： false ,时间倍速： 1

[2022-04-11 16:29:37] 接收控制信息：是否为管理员： false ，是否暂停时间： false ,时间倍速： 1

[2022-04-11 16:29:46] 接收控制信息：是否为管理员： false ，是否暂停时间： false ,时间倍速： 1

[2022-04-11 16:29:47] 接收控制信息：是否为管理员： false ，是否暂停时间： false ,时间倍速： 1

[2022-04-11 16:29:47] 接收控制信息：是否为管理员： false ，是否暂停时间： false ,时间倍速： 1

[2022-04-11 16:31:14] 接收控制信息：是否为管理员： false ，是否暂停时间： false ,时间倍速： 1

[2022-04-11 16:31:48] 接收控制信息：是否为管理员： false ，是否暂停时间： false ,时间倍速： 1

[2022-04-11 16:32:16] 接收控制信息：是否为管理员： false ，是否暂停时间： false ,时间倍速： 1

[2022-04-11 16:32:22] 接收控制信息：是否为管理员： false ，是否暂停时间： false ,时间倍速： 1

[2022-04-11 16:32:56] 接收控制信息：是否为管理员： false ，是否暂停时间： false ,时间倍速： 1

