[2022-04-12 17:38:54] 正在初始化
[2022-04-12 17:38:54] 成功加载 9 门课程
[2022-04-12 17:38:54] 初始化完成
[2022-04-12 17:38:54] Web 服务启动成功，请访问 http://localhost:9090 进入系统
[2022-04-12 17:39:08] 新增活动，时间: 星期 1 - 0 时 - 0 分，校区： 沙河校区 ，地点： 教学楼 ,教室号: N111 ,备注: 打游戏 ,活动类型: 个人活动 ,活动内容: 自习

[2022-04-12 17:47:00] 接收控制信息：是否为管理员： true ，是否暂停时间： true ,时间倍速： 1

[2022-04-12 17:47:01] 接收控制信息：是否为管理员： false ，是否暂停时间： true ,时间倍速： 1

[2022-04-12 17:47:01] 接收控制信息：是否为管理员： true ，是否暂停时间： true ,时间倍速： 1

[2022-04-12 17:47:02] 接收控制信息：是否为管理员： false ，是否暂停时间： true ,时间倍速： 1

[2022-04-12 17:47:02] 接收控制信息：是否为管理员： true ，是否暂停时间： true ,时间倍速： 1

[2022-04-12 17:47:04] 接收控制信息：是否为管理员： false ，是否暂停时间： true ,时间倍速： 1

[2022-04-12 17:49:16] 接收控制信息：是否为管理员： false ，是否暂停时间： true ,时间倍速： 2

[2022-04-12 17:49:16] 接收控制信息：是否为管理员： false ，是否暂停时间： true ,时间倍速： 5

[2022-04-12 17:49:19] 接收控制信息：是否为管理员： false ，是否暂停时间： false ,时间倍速： 5

[2022-04-12 17:49:21] 接收控制信息：是否为管理员： false ，是否暂停时间： false ,时间倍速： 10

[2022-04-12 17:49:21] 接收控制信息：是否为管理员： false ，是否暂停时间： false ,时间倍速： 10

[2022-04-12 17:49:22] 接收控制信息：是否为管理员： false ，是否暂停时间： false ,时间倍速： 1

[2022-04-12 17:49:22] 接收控制信息：是否为管理员： false ，是否暂停时间： false ,时间倍速： 1

[2022-04-12 17:49:24] 接收控制信息：是否为管理员： false ，是否暂停时间： false ,时间倍速： 2

[2022-04-12 17:49:24] 接收控制信息：是否为管理员： false ，是否暂停时间： false ,时间倍速： 2

[2022-04-12 17:49:26] 接收控制信息：是否为管理员： false ，是否暂停时间： true ,时间倍速： 2

