[2022-04-13 18:39:24] 正在初始化
[2022-04-13 18:39:24] 成功加载 9 门课程
[2022-04-13 18:39:24] 成功加载 2 类活动
[2022-04-13 18:39:24] 初始化完成
[2022-04-13 18:39:24] Web 服务启动成功，请访问 http://localhost:9090 进入系统
[2022-04-13 18:46:23] 接收控制信息：是否为管理员： false ，是否暂停时间： false ,时间倍速： 1

[2022-04-13 18:46:25] 接收控制信息：是否为管理员： false ，是否暂停时间： true ,时间倍速： 1

[2022-04-13 18:46:25] 接收控制信息：是否为管理员： false ，是否暂停时间： false ,时间倍速： 1

[2022-04-13 18:46:32] 接收控制信息：是否为管理员： false ，是否暂停时间： true ,时间倍速： 1

[2022-04-13 20:33:21] 接收控制信息：是否为管理员： false ，是否暂停时间： false ,时间倍速： 1

[2022-04-13 20:33:26] 接收控制信息：是否为管理员： false ，是否暂停时间： true ,时间倍速： 1

[2022-04-13 21:04:32] 接收控制信息：是否为管理员： false ，是否暂停时间： false ,时间倍速： 1

[2022-04-13 21:04:47] 接收控制信息：是否为管理员： false ，是否暂停时间： false ,时间倍速： 2

[2022-04-13 21:04:47] 接收控制信息：是否为管理员： false ，是否暂停时间： false ,时间倍速： 2

[2022-04-13 21:04:47] 接收控制信息：是否为管理员： false ，是否暂停时间： false ,时间倍速： 5

[2022-04-13 21:04:47] 接收控制信息：是否为管理员： false ，是否暂停时间： false ,时间倍速： 5

[2022-04-13 21:04:47] 接收控制信息：是否为管理员： false ，是否暂停时间： false ,时间倍速： 10

[2022-04-13 21:04:47] 接收控制信息：是否为管理员： false ，是否暂停时间： false ,时间倍速： 10

[2022-04-13 21:04:56] 接收控制信息：是否为管理员： false ，是否暂停时间： true ,时间倍速： 10

[2022-04-13 21:04:56] 接收控制信息：是否为管理员： false ，是否暂停时间： false ,时间倍速： 10

[2022-04-13 21:04:58] 接收控制信息：是否为管理员： false ，是否暂停时间： true ,时间倍速： 10

[2022-04-13 21:04:59] 接收控制信息：是否为管理员： false ，是否暂停时间： false ,时间倍速： 10

[2022-04-13 21:05:01] 接收控制信息：是否为管理员： false ，是否暂停时间： true ,时间倍速： 10

[2022-04-13 21:05:01] 接收控制信息：是否为管理员： false ，是否暂停时间： false ,时间倍速： 10

[2022-04-13 21:05:03] 接收控制信息：是否为管理员： false ，是否暂停时间： true ,时间倍速： 10

[2022-04-13 21:05:04] 接收控制信息：是否为管理员： false ，是否暂停时间： false ,时间倍速： 10

[2022-04-13 21:05:04] 接收控制信息：是否为管理员： false ，是否暂停时间： true ,时间倍速： 10

[2022-04-13 21:05:04] 接收控制信息：是否为管理员： false ，是否暂停时间： false ,时间倍速： 10

[2022-04-13 21:05:05] 接收控制信息：是否为管理员： false ，是否暂停时间： true ,时间倍速： 10

[2022-04-13 21:05:10] 接收控制信息：是否为管理员： false ，是否暂停时间： false ,时间倍速： 10

[2022-04-13 21:05:11] 接收控制信息：是否为管理员： false ，是否暂停时间： true ,时间倍速： 10

[2022-04-13 21:05:11] 接收控制信息：是否为管理员： false ，是否暂停时间： false ,时间倍速： 10

[2022-04-13 21:05:13] 接收控制信息：是否为管理员： false ，是否暂停时间： true ,时间倍速： 10

[2022-04-13 21:05:13] 接收控制信息：是否为管理员： false ，是否暂停时间： false ,时间倍速： 10

[2022-04-13 21:05:13] 接收控制信息：是否为管理员： false ，是否暂停时间： true ,时间倍速： 10

[2022-04-13 21:05:14] 接收控制信息：是否为管理员： false ，是否暂停时间： false ,时间倍速： 10

[2022-04-13 21:05:17] 接收控制信息：是否为管理员： false ，是否暂停时间： true ,时间倍速： 10

[2022-04-13 21:05:18] 接收控制信息：是否为管理员： false ，是否暂停时间： false ,时间倍速： 10

[2022-04-13 21:05:18] 接收控制信息：是否为管理员： false ，是否暂停时间： true ,时间倍速： 10

[2022-04-13 21:05:19] 接收控制信息：是否为管理员： false ，是否暂停时间： false ,时间倍速： 10

[2022-04-13 21:05:20] 接收控制信息：是否为管理员： false ，是否暂停时间： true ,时间倍速： 10

[2022-04-13 21:05:20] 接收控制信息：是否为管理员： false ，是否暂停时间： false ,时间倍速： 10

[2022-04-13 21:05:21] 接收控制信息：是否为管理员： false ，是否暂停时间： true ,时间倍速： 10

[2022-04-13 21:05:21] 接收控制信息：是否为管理员： false ，是否暂停时间： false ,时间倍速： 10

[2022-04-13 21:05:21] 接收控制信息：是否为管理员： false ，是否暂停时间： true ,时间倍速： 10

[2022-04-13 21:05:22] 接收控制信息：是否为管理员： false ，是否暂停时间： false ,时间倍速： 10

[2022-04-13 21:05:22] 接收控制信息：是否为管理员： false ，是否暂停时间： true ,时间倍速： 10

