[2022-06-07 15:43:33] 正在初始化
[2022-06-07 15:43:33] 成功加载 9 门课程
[2022-06-07 15:43:33] 初始化完成
[2022-06-07 15:43:33] Web 服务启动成功，请访问 http://localhost:9090 进入系统
[2022-06-07 15:43:54] 2021/1/4 星期6 00:00  开始导航

[2022-06-07 15:43:54] 2021/1/4 星期6 00:00  控制信息：[是否为管理员: false, 是否暂停时间: false, 时间倍速: 1]

[2022-06-07 15:43:54] 2021/1/4 星期6 00:00  继续导航

[2022-06-07 15:43:59] 2021/1/4 星期6 00:27  停止导航

[2022-06-07 15:44:24] 2021/1/4 星期6 02:11  控制信息：[是否为管理员: false, 是否暂停时间: true, 时间倍速: 1]

[2022-06-07 15:52:25] 2021/1/4 星期6 02:11  开始导航

[2022-06-07 15:52:27] 2021/1/4 星期6 02:11  控制信息：[是否为管理员: false, 是否暂停时间: false, 时间倍速: 1]

[2022-06-07 15:52:27] 2021/1/4 星期6 02:11  继续导航

[2022-06-07 15:52:29] 2021/1/4 星期6 02:20  停止导航

[2022-06-07 15:54:48] 2021/1/4 星期6 02:20  控制信息：[是否为管理员: false, 是否暂停时间: false, 时间倍速: 1]

[2022-06-07 15:54:58] 2021/1/4 星期6 03:19  开始导航

[2022-06-07 15:54:59] 2021/1/4 星期6 03:26  停止导航

[2022-06-07 15:55:23] 2021/1/4 星期6 03:26  控制信息：[是否为管理员: false, 是否暂停时间: false, 时间倍速: 1]

[2022-06-07 15:57:29] 2021/1/4 星期6 03:26  控制信息：[是否为管理员: false, 是否暂停时间: false, 时间倍速: 1]

[2022-06-07 15:58:09] 2021/1/4 星期6 03:26  控制信息：[是否为管理员: false, 是否暂停时间: false, 时间倍速: 1]

[2022-06-07 15:59:14] 2021/1/4 星期6 03:26  控制信息：[是否为管理员: false, 是否暂停时间: false, 时间倍速: 1]

[2022-06-07 15:59:50] 2021/1/4 星期6 03:26  控制信息：[是否为管理员: false, 是否暂停时间: false, 时间倍速: 1]

[2022-06-07 16:01:00] 2021/1/4 星期6 03:26  控制信息：[是否为管理员: false, 是否暂停时间: false, 时间倍速: 1]

[2022-06-07 16:01:22] 2021/1/4 星期6 05:36  开始导航

[2022-06-07 16:01:24] 2021/1/4 星期6 05:51  停止导航

[2022-06-07 16:01:27] 2021/1/4 星期6 06:07  控制信息：[是否为管理员: false, 是否暂停时间: true, 时间倍速: 1]

[2022-06-07 16:12:44] 2021/1/4 星期6 06:07  开始导航

[2022-06-07 16:12:45] 2021/1/4 星期6 06:07  控制信息：[是否为管理员: false, 是否暂停时间: false, 时间倍速: 1]

[2022-06-07 16:12:45] 2021/1/4 星期6 06:07  继续导航

[2022-06-07 16:12:45] 2021/1/4 星期6 06:08  停止导航

[2022-06-07 16:12:46] 2021/1/4 星期6 06:16  控制信息：[是否为管理员: false, 是否暂停时间: true, 时间倍速: 1]

[2022-06-07 16:14:08] 2021/1/4 星期6 06:16  开始导航

[2022-06-07 16:14:27] 2021/1/4 星期6 06:16  控制信息：[是否为管理员: false, 是否暂停时间: false, 时间倍速: 1]

[2022-06-07 16:14:27] 2021/1/4 星期6 06:16  继续导航

[2022-06-07 16:14:30] 2021/1/4 星期6 06:35  停止导航

[2022-06-07 16:14:32] 2021/1/4 星期6 06:45  控制信息：[是否为管理员: false, 是否暂停时间: true, 时间倍速: 1]

[2022-06-07 16:14:40] 2021/1/4 星期6 06:45  开始导航

[2022-06-07 16:14:41] 2021/1/4 星期6 06:45  控制信息：[是否为管理员: false, 是否暂停时间: false, 时间倍速: 1]

[2022-06-07 16:14:41] 2021/1/4 星期6 06:45  继续导航

[2022-06-07 16:14:46] 2021/1/4 星期6 07:15  停止导航

[2022-06-07 16:14:56] 2021/1/4 星期6 08:14  开始导航

[2022-06-07 16:14:59] 2021/1/4 星期6 08:33  停止导航

[2022-06-07 16:15:25] 2021/1/4 星期6 11:10  开始导航

[2022-06-07 16:15:31] 2021/1/4 星期6 11:46  停止导航

[2022-06-07 16:15:38] 2021/1/4 星期6 12:28  开始导航

[2022-06-07 16:15:40] 2021/1/4 星期6 12:43  停止导航

[2022-06-07 16:15:42] 2021/1/4 星期6 12:57  开始导航

[2022-06-07 16:15:45] 2021/1/4 星期6 13:12  停止导航

[2022-06-07 16:18:43] 2021/1/4 星期6 13:12  控制信息：[是否为管理员: false, 是否暂停时间: false, 时间倍速: 1]

[2022-06-07 16:19:09] 2021/1/4 星期6 13:12  控制信息：[是否为管理员: false, 是否暂停时间: false, 时间倍速: 1]

[2022-06-07 16:21:15] 2021/1/4 星期6 13:12  控制信息：[是否为管理员: false, 是否暂停时间: false, 时间倍速: 1]

[2022-06-07 16:21:20] 2021/1/4 星期6 13:12  控制信息：[是否为管理员: false, 是否暂停时间: false, 时间倍速: 1]

[2022-06-07 16:23:37] 2021/1/4 星期6 13:12  控制信息：[是否为管理员: false, 是否暂停时间: false, 时间倍速: 1]

[2022-06-07 16:23:44] 2021/1/4 星期6 13:12  控制信息：[是否为管理员: false, 是否暂停时间: false, 时间倍速: 1]

