[2022-04-13 00:12:41] 正在初始化
[2022-04-13 00:12:41] 成功加载 9 门课程
[2022-04-13 00:12:41] 成功加载 2 类活动
[2022-04-13 00:12:41] 初始化完成
[2022-04-13 00:12:41] Web 服务启动成功，请访问 http://localhost:9090 进入系统
[2022-04-13 00:15:18] 接收控制信息：是否为管理员： false ，是否暂停时间： false ,时间倍速： 1

[2022-04-13 00:15:20] 接收控制信息：是否为管理员： false ，是否暂停时间： true ,时间倍速： 1

[2022-04-13 00:15:38] 接收控制信息：是否为管理员： false ，是否暂停时间： false ,时间倍速： 1

[2022-04-13 00:15:39] 接收控制信息：是否为管理员： false ，是否暂停时间： true ,时间倍速： 1

[2022-04-13 00:15:39] 接收控制信息：是否为管理员： false ，是否暂停时间： false ,时间倍速： 1

[2022-04-13 00:15:40] 接收控制信息：是否为管理员： false ，是否暂停时间： true ,时间倍速： 1

[2022-04-13 00:15:40] 接收控制信息：是否为管理员： false ，是否暂停时间： false ,时间倍速： 1

[2022-04-13 00:15:41] 接收控制信息：是否为管理员： false ，是否暂停时间： true ,时间倍速： 1

[2022-04-13 00:16:31] 接收控制信息：是否为管理员： false ，是否暂停时间： false ,时间倍速： 1

[2022-04-13 00:16:32] 接收控制信息：是否为管理员： false ，是否暂停时间： true ,时间倍速： 1

[2022-04-13 00:16:32] 接收控制信息：是否为管理员： false ，是否暂停时间： false ,时间倍速： 1

[2022-04-13 00:16:33] 接收控制信息：是否为管理员： false ，是否暂停时间： true ,时间倍速： 1

[2022-04-13 00:16:33] 接收控制信息：是否为管理员： false ，是否暂停时间： false ,时间倍速： 1

[2022-04-13 00:16:33] 接收控制信息：是否为管理员： false ，是否暂停时间： true ,时间倍速： 1

[2022-04-13 00:16:34] 接收控制信息：是否为管理员： false ，是否暂停时间： false ,时间倍速： 1

[2022-04-13 00:16:34] 接收控制信息：是否为管理员： false ，是否暂停时间： true ,时间倍速： 1

[2022-04-13 00:20:34] 接收控制信息：是否为管理员： false ，是否暂停时间： false ,时间倍速： 1

[2022-04-13 00:20:35] 接收控制信息：是否为管理员： false ，是否暂停时间： true ,时间倍速： 1

[2022-04-13 00:20:40] 接收控制信息：是否为管理员： false ，是否暂停时间： false ,时间倍速： 1

[2022-04-13 00:20:41] 接收控制信息：是否为管理员： false ，是否暂停时间： true ,时间倍速： 1

[2022-04-13 00:24:17] 接收控制信息：是否为管理员： false ，是否暂停时间： false ,时间倍速： 1

[2022-04-13 00:24:19] 接收控制信息：是否为管理员： false ，是否暂停时间： true ,时间倍速： 1

[2022-04-13 00:24:25] 接收控制信息：是否为管理员： false ，是否暂停时间： false ,时间倍速： 1

[2022-04-13 00:24:27] 接收控制信息：是否为管理员： false ，是否暂停时间： false ,时间倍速： 1

[2022-04-13 00:24:31] 接收控制信息：是否为管理员： false ，是否暂停时间： false ,时间倍速： 1

[2022-04-13 00:24:33] 接收控制信息：是否为管理员： false ，是否暂停时间： true ,时间倍速： 1

[2022-04-13 00:24:36] 接收控制信息：是否为管理员： false ，是否暂停时间： false ,时间倍速： 1

[2022-04-13 00:24:37] 接收控制信息：是否为管理员： false ，是否暂停时间： true ,时间倍速： 1

[2022-04-13 00:24:50] 接收控制信息：是否为管理员： false ，是否暂停时间： false ,时间倍速： 1

[2022-04-13 00:24:50] 接收控制信息：是否为管理员： false ，是否暂停时间： true ,时间倍速： 1

[2022-04-13 00:24:54] 接收控制信息：是否为管理员： false ，是否暂停时间： false ,时间倍速： 1

[2022-04-13 00:24:55] 接收控制信息：是否为管理员： false ，是否暂停时间： true ,时间倍速： 1

[2022-04-13 00:25:34] 接收控制信息：是否为管理员： false ，是否暂停时间： false ,时间倍速： 1

[2022-04-13 00:25:34] 接收控制信息：是否为管理员： false ，是否暂停时间： true ,时间倍速： 1

[2022-04-13 00:25:37] 接收控制信息：是否为管理员： false ，是否暂停时间： true ,时间倍速： 2

[2022-04-13 00:25:37] 接收控制信息：是否为管理员： false ，是否暂停时间： true ,时间倍速： 5

[2022-04-13 00:25:37] 接收控制信息：是否为管理员： false ，是否暂停时间： true ,时间倍速： 10

[2022-04-13 00:25:39] 接收控制信息：是否为管理员： false ，是否暂停时间： false ,时间倍速： 10

[2022-04-13 00:25:39] 接收控制信息：是否为管理员： false ，是否暂停时间： true ,时间倍速： 10

[2022-04-13 00:33:22] 接收控制信息：是否为管理员： false ，是否暂停时间： false ,时间倍速： 10

[2022-04-13 00:33:28] 接收控制信息：是否为管理员： false ，是否暂停时间： true ,时间倍速： 10

[2022-04-13 00:33:31] 接收控制信息：是否为管理员： false ，是否暂停时间： false ,时间倍速： 10

[2022-04-13 00:34:21] 接收控制信息：是否为管理员： false ，是否暂停时间： false ,时间倍速： 10

[2022-04-13 00:34:24] 接收控制信息：是否为管理员： false ，是否暂停时间： true ,时间倍速： 10

[2022-04-13 00:34:26] 接收控制信息：是否为管理员： false ，是否暂停时间： false ,时间倍速： 10

[2022-04-13 00:34:29] 接收控制信息：是否为管理员： false ，是否暂停时间： true ,时间倍速： 10

[2022-04-13 00:34:32] 接收控制信息：是否为管理员： false ，是否暂停时间： false ,时间倍速： 10

[2022-04-13 00:34:34] 接收控制信息：是否为管理员： false ，是否暂停时间： true ,时间倍速： 10

