[2022-04-11 01:28:28] 正在初始化
[2022-04-11 01:28:28] 成功加载 9 门课程
[2022-04-11 01:28:28] 初始化完成
[2022-04-11 01:28:28] Web 服务启动成功，请访问 http://localhost:9090 进入系统
[2022-04-11 01:28:40] 接收控制信息：是否为管理员： false ，是否暂停时间： true ,时间倍速： 5

[2022-04-11 01:28:40] 接收控制信息：是否为管理员： false ，是否暂停时间： true ,时间倍速： 5

[2022-04-11 01:31:08] 接收控制信息：是否为管理员： false ，是否暂停时间： true ,时间倍速： 5

[2022-04-11 01:33:09] 接收控制信息：是否为管理员： false ，是否暂停时间： true ,时间倍速： 5

[2022-04-11 01:33:19] 接收控制信息：是否为管理员： false ，是否暂停时间： true ,时间倍速： 5

[2022-04-11 01:33:20] 接收控制信息：是否为管理员： false ，是否暂停时间： true ,时间倍速： 5

[2022-04-11 01:33:40] 接收控制信息：是否为管理员： false ，是否暂停时间： false ,时间倍速： 5

[2022-04-11 01:33:40] 接收控制信息：是否为管理员： false ，是否暂停时间： true ,时间倍速： 5

[2022-04-11 01:33:41] 接收控制信息：是否为管理员： false ，是否暂停时间： false ,时间倍速： 5

[2022-04-11 01:33:41] 接收控制信息：是否为管理员： false ，是否暂停时间： true ,时间倍速： 5

[2022-04-11 01:33:41] 接收控制信息：是否为管理员： false ，是否暂停时间： false ,时间倍速： 5

[2022-04-11 01:33:42] 接收控制信息：是否为管理员： false ，是否暂停时间： true ,时间倍速： 5

[2022-04-11 01:33:46] 接收控制信息：是否为管理员： false ，是否暂停时间： true ,时间倍速： 10

[2022-04-11 01:33:46] 接收控制信息：是否为管理员： false ，是否暂停时间： true ,时间倍速： 10

[2022-04-11 01:33:47] 接收控制信息：是否为管理员： false ，是否暂停时间： true ,时间倍速： 1

[2022-04-11 01:33:47] 接收控制信息：是否为管理员： false ，是否暂停时间： true ,时间倍速： 1

[2022-04-11 01:33:47] 接收控制信息：是否为管理员： false ，是否暂停时间： true ,时间倍速： 2

[2022-04-11 01:33:47] 接收控制信息：是否为管理员： false ，是否暂停时间： true ,时间倍速： 2

[2022-04-11 01:33:48] 接收控制信息：是否为管理员： false ，是否暂停时间： true ,时间倍速： 5

[2022-04-11 01:33:48] 接收控制信息：是否为管理员： false ，是否暂停时间： true ,时间倍速： 5

[2022-04-11 01:33:48] 接收控制信息：是否为管理员： false ，是否暂停时间： true ,时间倍速： 10

[2022-04-11 01:33:48] 接收控制信息：是否为管理员： false ，是否暂停时间： true ,时间倍速： 10

[2022-04-11 01:33:48] 接收控制信息：是否为管理员： false ，是否暂停时间： true ,时间倍速： 1

[2022-04-11 01:33:48] 接收控制信息：是否为管理员： false ，是否暂停时间： true ,时间倍速： 1

[2022-04-11 01:33:49] 接收控制信息：是否为管理员： false ，是否暂停时间： true ,时间倍速： 2

[2022-04-11 01:33:49] 接收控制信息：是否为管理员： false ，是否暂停时间： true ,时间倍速： 2

[2022-04-11 01:34:32] 接收控制信息：是否为管理员： false ，是否暂停时间： true ,时间倍速： 5

[2022-04-11 01:34:33] 接收控制信息：是否为管理员： false ，是否暂停时间： true ,时间倍速： 10

[2022-04-11 01:34:33] 接收控制信息：是否为管理员： false ，是否暂停时间： true ,时间倍速： 1

[2022-04-11 01:34:34] 接收控制信息：是否为管理员： false ，是否暂停时间： true ,时间倍速： 2

[2022-04-11 01:34:34] 接收控制信息：是否为管理员： false ，是否暂停时间： true ,时间倍速： 5

[2022-04-11 01:34:34] 接收控制信息：是否为管理员： false ，是否暂停时间： true ,时间倍速： 10

[2022-04-11 01:34:35] 接收控制信息：是否为管理员： false ，是否暂停时间： false ,时间倍速： 10

[2022-04-11 01:34:35] 接收控制信息：是否为管理员： false ，是否暂停时间： true ,时间倍速： 10

[2022-04-11 01:34:36] 接收控制信息：是否为管理员： false ，是否暂停时间： false ,时间倍速： 10

[2022-04-11 01:34:36] 接收控制信息：是否为管理员： false ，是否暂停时间： true ,时间倍速： 10

[2022-04-11 01:34:40] 接收控制信息：是否为管理员： false ，是否暂停时间： false ,时间倍速： 10

[2022-04-11 01:34:41] 接收控制信息：是否为管理员： false ，是否暂停时间： false ,时间倍速： 1

[2022-04-11 01:34:41] 接收控制信息：是否为管理员： false ，是否暂停时间： false ,时间倍速： 1

[2022-04-11 01:34:41] 接收控制信息：是否为管理员： false ，是否暂停时间： false ,时间倍速： 2

[2022-04-11 01:34:41] 接收控制信息：是否为管理员： false ，是否暂停时间： false ,时间倍速： 2

[2022-04-11 01:34:42] 接收控制信息：是否为管理员： false ，是否暂停时间： false ,时间倍速： 5

[2022-04-11 01:34:42] 接收控制信息：是否为管理员： false ，是否暂停时间： false ,时间倍速： 5

[2022-04-11 01:34:43] 接收控制信息：是否为管理员： false ，是否暂停时间： false ,时间倍速： 10

[2022-04-11 01:34:43] 接收控制信息：是否为管理员： false ，是否暂停时间： false ,时间倍速： 10

[2022-04-11 01:34:44] 接收控制信息：是否为管理员： false ，是否暂停时间： false ,时间倍速： 1

[2022-04-11 01:34:44] 接收控制信息：是否为管理员： false ，是否暂停时间： false ,时间倍速： 1

[2022-04-11 01:34:44] 接收控制信息：是否为管理员： false ，是否暂停时间： false ,时间倍速： 2

[2022-04-11 01:34:44] 接收控制信息：是否为管理员： false ，是否暂停时间： false ,时间倍速： 2

[2022-04-11 01:34:44] 接收控制信息：是否为管理员： false ，是否暂停时间： false ,时间倍速： 5

[2022-04-11 01:34:44] 接收控制信息：是否为管理员： false ，是否暂停时间： false ,时间倍速： 5

[2022-04-11 01:34:45] 接收控制信息：是否为管理员： false ，是否暂停时间： false ,时间倍速： 10

[2022-04-11 01:34:45] 接收控制信息：是否为管理员： false ，是否暂停时间： false ,时间倍速： 10

[2022-04-11 01:34:46] 接收控制信息：是否为管理员： false ，是否暂停时间： true ,时间倍速： 10

[2022-04-11 01:35:03] 接收控制信息：是否为管理员： false ，是否暂停时间： false ,时间倍速： 10

[2022-04-11 01:35:04] 接收控制信息：是否为管理员： false ，是否暂停时间： true ,时间倍速： 10

[2022-04-11 01:35:04] 接收控制信息：是否为管理员： false ，是否暂停时间： false ,时间倍速： 10

[2022-04-11 01:35:05] 接收控制信息：是否为管理员： false ，是否暂停时间： true ,时间倍速： 10

[2022-04-11 01:35:05] 接收控制信息：是否为管理员： false ，是否暂停时间： false ,时间倍速： 10

[2022-04-11 01:35:06] 接收控制信息：是否为管理员： false ，是否暂停时间： true ,时间倍速： 10

[2022-04-11 01:35:06] 接收控制信息：是否为管理员： false ，是否暂停时间： false ,时间倍速： 10

[2022-04-11 01:35:07] 接收控制信息：是否为管理员： false ，是否暂停时间： true ,时间倍速： 10

[2022-04-11 01:35:10] 接收控制信息：是否为管理员： false ，是否暂停时间： false ,时间倍速： 10

[2022-04-11 01:35:11] 接收控制信息：是否为管理员： false ，是否暂停时间： true ,时间倍速： 10

[2022-04-11 01:35:37] 接收控制信息：是否为管理员： false ，是否暂停时间： false ,时间倍速： 10

[2022-04-11 01:35:37] 接收控制信息：是否为管理员： false ，是否暂停时间： true ,时间倍速： 10

[2022-04-11 01:36:17] 新增活动，时间: 0 - 0 - 0 ，校区： 沙河校区 ，地点： 教学楼 ,教室号: N111 ,备注: 123 ,活动类型: 个人活动

[2022-04-11 01:36:24] 新增活动，时间: 0 - 10 - 0 ，校区： 沙河校区 ，地点： 教学楼 ,教室号: N111 ,备注: 123 ,活动类型: 个人活动

[2022-04-11 01:36:27] 删除活动，时间: 0 - 10 - 0 ，校区： 沙河校区 ，地点： 教学楼 ,教室号: N111 ,备注: 123 ,活动类型: 个人活动

[2022-04-11 01:36:32] 新增闹钟，时间: 0 - 0 - 0 ,备注：  ,重复次数: 仅响一次

[2022-04-11 01:36:34] 删除闹钟，时间: 0 - 0 - 0 ,备注：  ,重复次数: 仅响一次

[2022-04-11 01:36:47] 增加考试信息：课程名： 计算机网络 ,考试时间: 0 - 10 ,考试校区: 沙河校区 ，考试地点： 教学楼 ,教室号： N111

[2022-04-11 01:36:52] 接收控制信息：是否为管理员： false ，是否暂停时间： false ,时间倍速： 10

[2022-04-11 01:37:08] 删除考试,时间： 0 - 10 ，校区： 沙河校区 ，地点： 教学楼 ，教室号: N111 ，名称： 计算机网络

[2022-04-11 01:37:09] 删除考试,时间： 0 - 11 ，校区： 沙河校区 ，地点： 教学楼 ，教室号: N516 ，名称： 计算机网络

[2022-04-11 01:37:10] 删除考试,时间： 0 - 12 ，校区： 沙河校区 ，地点： 教学楼 ，教室号: N516 ，名称： 计算机网络

[2022-04-11 01:37:11] 删除考试,时间： 0 - 13 ，校区： 沙河校区 ，地点： 教学楼 ，教室号: N516 ，名称： 计算机网络

[2022-04-11 01:37:12] 接收控制信息：是否为管理员： false ，是否暂停时间： true ,时间倍速： 10

