[2022-05-24 21:53:20] 正在初始化
[2022-05-24 21:53:20] 成功加载 9 门课程
[2022-05-24 21:53:20] 初始化完成
[2022-05-24 21:53:20] Web 服务启动成功，请访问 http://localhost:9090 进入系统
[2022-05-24 21:53:29] 2021/1/4 星期6 00:00  控制信息：[是否为管理员: true, 是否暂停时间: true, 时间倍速: 1]

[2022-05-24 21:53:37] 2021/1/4 星期6 00:00  新增作业: [2021/1/4 00:00, 课程名: 计算机网络, 作业标题: 版本测试, 作业描述: 1]

[2022-05-24 21:53:44] 
[2022-05-24 21:53:44] 上传作业[实验报告1.docx]：原文件大小：1032.58 KB
[2022-05-24 21:53:45] 上传作业[实验报告1.docx]：压缩后文件大小：1035.80 KB
[2022-05-24 21:53:45] 压缩文件 实验报告1.docx，压缩率 100.31%
[2022-05-24 21:53:45] 验证成功！解压文件[实验报告1.docx]MD5与原文件一致
[2022-05-24 21:53:45] 2021/1/4 星期6 00:00  存入文件 实验报告1.docx
[2022-05-24 21:53:45] 2021/1/4 星期6 00:00  上传作业: [2021/1/4 00:00, 课程名: 计算机网络, 作业标题: 版本测试, 作业名: 实验报告1.docx, 作业备注: ]

[2022-05-24 21:54:21] 2021/1/4 星期6 00:00  控制信息：[是否为管理员: false, 是否暂停时间: true, 时间倍速: 1]

[2022-05-24 21:54:30] 
[2022-05-24 21:54:30] 上传作业[实验报告2.docx]：原文件大小：142.08 KB
[2022-05-24 21:54:30] 上传作业[实验报告2.docx]：压缩后文件大小：144.12 KB
[2022-05-24 21:54:30] 压缩文件 实验报告2.docx，压缩率 101.44%
[2022-05-24 21:54:30] 验证成功！解压文件[实验报告2.docx]MD5与原文件一致
[2022-05-24 21:54:30] 2021/1/4 星期6 00:00  存入文件 实验报告2.docx
[2022-05-24 21:54:30] 2021/1/4 星期6 00:00  上传作业: [2021/1/4 00:00, 课程名: 计算机网络, 作业标题: 版本测试, 作业名: 实验报告2.docx, 作业备注: ]

