[2022-04-13 10:48:36] 正在初始化
[2022-04-13 10:48:36] 成功加载 9 门课程
[2022-04-13 10:48:36] 成功加载 2 类活动
[2022-04-13 10:48:36] 初始化完成
[2022-04-13 10:48:36] Web 服务启动成功，请访问 http://localhost:9090 进入系统
[2022-04-13 11:11:29] 接收控制信息：是否为管理员： false ，是否暂停时间： false ,时间倍速： 1

[2022-04-13 11:11:30] 接收控制信息：是否为管理员： false ，是否暂停时间： true ,时间倍速： 1

[2022-04-13 11:15:14] 接收控制信息：是否为管理员： false ，是否暂停时间： false ,时间倍速： 1

[2022-04-13 11:15:19] 接收控制信息：是否为管理员： false ，是否暂停时间： false ,时间倍速： 1

[2022-04-13 11:15:54] 接收控制信息：是否为管理员： false ，是否暂停时间： false ,时间倍速： 1

[2022-04-13 11:15:58] 接收控制信息：是否为管理员： false ，是否暂停时间： true ,时间倍速： 1

[2022-04-13 11:15:59] 接收控制信息：是否为管理员： false ，是否暂停时间： false ,时间倍速： 1

[2022-04-13 11:16:14] 接收控制信息：是否为管理员： false ，是否暂停时间： true ,时间倍速： 1

[2022-04-13 11:19:37] 接收控制信息：是否为管理员： false ，是否暂停时间： false ,时间倍速： 1

[2022-04-13 11:19:45] 接收控制信息：是否为管理员： false ，是否暂停时间： true ,时间倍速： 1

[2022-04-13 11:19:50] 接收控制信息：是否为管理员： false ，是否暂停时间： false ,时间倍速： 1

[2022-04-13 11:19:51] 接收控制信息：是否为管理员： false ，是否暂停时间： true ,时间倍速： 1

[2022-04-13 11:19:56] 接收控制信息：是否为管理员： false ，是否暂停时间： false ,时间倍速： 1

[2022-04-13 11:32:25] 接收控制信息：是否为管理员： false ，是否暂停时间： false ,时间倍速： 1

[2022-04-13 11:32:42] 删除考试,时间：星期 1 - 第 12 节，校区： 沙河校区 ，地点： 教学楼 ，教室号: N516 ，名称： 计算机网络

[2022-04-13 11:32:56] 接收控制信息：是否为管理员： false ，是否暂停时间： false ,时间倍速： 1

[2022-04-13 11:32:59] 删除考试,时间：星期 1 - 第 13 节，校区： 沙河校区 ，地点： 教学楼 ，教室号: N516 ，名称： 计算机网络

[2022-04-13 11:33:10] 接收控制信息：是否为管理员： false ，是否暂停时间： false ,时间倍速： 1

[2022-04-13 11:33:13] 删除考试,时间：星期 1 - 第 14 节，校区： 沙河校区 ，地点： 教学楼 ，教室号: N516 ，名称： 计算机网络

[2022-04-13 11:33:42] 接收控制信息：是否为管理员： false ，是否暂停时间： true ,时间倍速： 1

[2022-04-13 11:33:56] 接收控制信息：是否为管理员： false ，是否暂停时间： false ,时间倍速： 1

[2022-04-13 11:33:57] 接收控制信息：是否为管理员： false ，是否暂停时间： true ,时间倍速： 1

[2022-04-13 11:35:40] 接收控制信息：是否为管理员： false ，是否暂停时间： false ,时间倍速： 1

[2022-04-13 11:35:48] 接收控制信息：是否为管理员： false ，是否暂停时间： true ,时间倍速： 1

[2022-04-13 11:35:51] 接收控制信息：是否为管理员： false ，是否暂停时间： false ,时间倍速： 1

[2022-04-13 11:37:22] 接收控制信息：是否为管理员： false ，是否暂停时间： false ,时间倍速： 1

[2022-04-13 11:37:26] 接收控制信息：是否为管理员： false ，是否暂停时间： true ,时间倍速： 1

[2022-04-13 11:37:30] 接收控制信息：是否为管理员： false ，是否暂停时间： false ,时间倍速： 1

[2022-04-13 11:37:59] 接收控制信息：是否为管理员： false ，是否暂停时间： false ,时间倍速： 1

[2022-04-13 11:38:07] 接收控制信息：是否为管理员： false ，是否暂停时间： true ,时间倍速： 1

[2022-04-13 11:38:13] 接收控制信息：是否为管理员： false ，是否暂停时间： false ,时间倍速： 1

[2022-04-13 11:38:15] 接收控制信息：是否为管理员： false ，是否暂停时间： true ,时间倍速： 1

[2022-04-13 11:38:31] 接收控制信息：是否为管理员： false ，是否暂停时间： false ,时间倍速： 1

[2022-04-13 11:38:31] 接收控制信息：是否为管理员： false ，是否暂停时间： true ,时间倍速： 1

[2022-04-13 11:38:36] 接收控制信息：是否为管理员： false ，是否暂停时间： false ,时间倍速： 1

[2022-04-13 11:38:37] 接收控制信息：是否为管理员： false ，是否暂停时间： true ,时间倍速： 1

[2022-04-13 11:38:37] 接收控制信息：是否为管理员： false ，是否暂停时间： false ,时间倍速： 1

[2022-04-13 11:38:38] 接收控制信息：是否为管理员： false ，是否暂停时间： true ,时间倍速： 1

[2022-04-13 11:38:38] 接收控制信息：是否为管理员： false ，是否暂停时间： false ,时间倍速： 1

[2022-04-13 11:38:41] 接收控制信息：是否为管理员： false ，是否暂停时间： true ,时间倍速： 1

[2022-04-13 11:50:45] 接收控制信息：是否为管理员： false ，是否暂停时间： false ,时间倍速： 1

[2022-04-13 11:50:54] 接收控制信息：是否为管理员： false ，是否暂停时间： false ,时间倍速： 1

[2022-04-13 11:54:07] 接收控制信息：是否为管理员： false ，是否暂停时间： false ,时间倍速： 1

[2022-04-13 11:56:54] 接收控制信息：是否为管理员： false ，是否暂停时间： false ,时间倍速： 1

[2022-04-13 11:57:12] 接收控制信息：是否为管理员： false ，是否暂停时间： false ,时间倍速： 1

[2022-04-13 11:57:27] 接收控制信息：是否为管理员： false ，是否暂停时间： false ,时间倍速： 1

[2022-04-13 11:58:51] 接收控制信息：是否为管理员： false ，是否暂停时间： false ,时间倍速： 1

[2022-04-13 11:59:09] 接收控制信息：是否为管理员： false ，是否暂停时间： false ,时间倍速： 1

[2022-04-13 11:59:33] 接收控制信息：是否为管理员： false ，是否暂停时间： false ,时间倍速： 1

[2022-04-13 12:00:03] 接收控制信息：是否为管理员： false ，是否暂停时间： false ,时间倍速： 1

[2022-04-13 17:22:43] 接收控制信息：是否为管理员： false ，是否暂停时间： false ,时间倍速： 1

[2022-04-13 17:24:54] 接收控制信息：是否为管理员： false ，是否暂停时间： false ,时间倍速： 1

[2022-04-13 17:24:56] 接收控制信息：是否为管理员： false ，是否暂停时间： true ,时间倍速： 1

[2022-04-13 17:24:57] 接收控制信息：是否为管理员： false ，是否暂停时间： false ,时间倍速： 1

[2022-04-13 17:25:08] 接收控制信息：是否为管理员： false ，是否暂停时间： false ,时间倍速： 1

[2022-04-13 17:53:17] 接收控制信息：是否为管理员： false ，是否暂停时间： false ,时间倍速： 1

[2022-04-13 17:53:30] 接收控制信息：是否为管理员： false ，是否暂停时间： false ,时间倍速： 1

[2022-04-13 17:54:28] 接收控制信息：是否为管理员： false ，是否暂停时间： false ,时间倍速： 1

[2022-04-13 18:12:15] 接收控制信息：是否为管理员： false ，是否暂停时间： false ,时间倍速： 1

[2022-04-13 18:12:39] 接收控制信息：是否为管理员： false ，是否暂停时间： false ,时间倍速： 1

[2022-04-13 18:13:32] 接收控制信息：是否为管理员： false ，是否暂停时间： false ,时间倍速： 1

[2022-04-13 18:14:34] 接收控制信息：是否为管理员： false ，是否暂停时间： false ,时间倍速： 1

[2022-04-13 18:15:26] 接收控制信息：是否为管理员： false ，是否暂停时间： false ,时间倍速： 1

[2022-04-13 18:17:43] 接收控制信息：是否为管理员： false ，是否暂停时间： false ,时间倍速： 1

[2022-04-13 18:18:54] 接收控制信息：是否为管理员： false ，是否暂停时间： false ,时间倍速： 1

[2022-04-13 18:19:42] 接收控制信息：是否为管理员： false ，是否暂停时间： false ,时间倍速： 1

[2022-04-13 18:19:46] 接收控制信息：是否为管理员： false ，是否暂停时间： false ,时间倍速： 1

[2022-04-13 18:20:35] 接收控制信息：是否为管理员： false ，是否暂停时间： false ,时间倍速： 1

[2022-04-13 18:20:54] 接收控制信息：是否为管理员： false ，是否暂停时间： false ,时间倍速： 1

[2022-04-13 18:22:58] 接收控制信息：是否为管理员： false ，是否暂停时间： false ,时间倍速： 1

[2022-04-13 18:23:17] 接收控制信息：是否为管理员： false ，是否暂停时间： false ,时间倍速： 1

[2022-04-13 18:23:55] 接收控制信息：是否为管理员： false ，是否暂停时间： false ,时间倍速： 1

[2022-04-13 18:25:18] 接收控制信息：是否为管理员： false ，是否暂停时间： false ,时间倍速： 1

[2022-04-13 18:25:41] 接收控制信息：是否为管理员： false ，是否暂停时间： false ,时间倍速： 1

[2022-04-13 18:26:10] 接收控制信息：是否为管理员： false ，是否暂停时间： false ,时间倍速： 2

[2022-04-13 18:26:10] 接收控制信息：是否为管理员： false ，是否暂停时间： false ,时间倍速： 2

[2022-04-13 18:26:10] 接收控制信息：是否为管理员： false ，是否暂停时间： false ,时间倍速： 5

[2022-04-13 18:26:10] 接收控制信息：是否为管理员： false ，是否暂停时间： false ,时间倍速： 5

[2022-04-13 18:26:10] 接收控制信息：是否为管理员： false ，是否暂停时间： false ,时间倍速： 10

[2022-04-13 18:26:10] 接收控制信息：是否为管理员： false ，是否暂停时间： false ,时间倍速： 10

[2022-04-13 18:26:17] 接收控制信息：是否为管理员： false ，是否暂停时间： false ,时间倍速： 1

[2022-04-13 18:26:17] 接收控制信息：是否为管理员： false ，是否暂停时间： false ,时间倍速： 1

[2022-04-13 18:26:18] 接收控制信息：是否为管理员： false ，是否暂停时间： true ,时间倍速： 1

