[2022-04-13 21:36:31] 正在初始化
[2022-04-13 21:36:31] 成功加载 9 门课程
[2022-04-13 21:36:31] 成功加载 2 类活动
[2022-04-13 21:36:31] 初始化完成
[2022-04-13 21:36:31] Web 服务启动成功，请访问 http://localhost:9090 进入系统
[2022-04-13 21:36:52] 接收控制信息：是否为管理员： false ，是否暂停时间： false ,时间倍速： 1

[2022-04-13 21:37:32] 接收控制信息：是否为管理员： false ，是否暂停时间： true ,时间倍速： 1

[2022-04-13 21:40:55] 接收控制信息：是否为管理员： false ，是否暂停时间： false ,时间倍速： 1

[2022-04-13 21:40:57] 接收控制信息：是否为管理员： false ，是否暂停时间： true ,时间倍速： 1

[2022-04-13 21:41:19] 接收控制信息：是否为管理员： false ，是否暂停时间： false ,时间倍速： 1

[2022-04-13 21:41:19] 接收控制信息：是否为管理员： false ，是否暂停时间： true ,时间倍速： 1

[2022-04-13 21:41:26] 接收控制信息：是否为管理员： false ，是否暂停时间： false ,时间倍速： 1

[2022-04-13 21:41:29] 接收控制信息：是否为管理员： false ，是否暂停时间： true ,时间倍速： 1

[2022-04-13 21:41:30] 接收控制信息：是否为管理员： false ，是否暂停时间： false ,时间倍速： 1

[2022-04-13 21:41:30] 接收控制信息：是否为管理员： false ，是否暂停时间： true ,时间倍速： 1

[2022-04-13 21:41:31] 接收控制信息：是否为管理员： false ，是否暂停时间： false ,时间倍速： 1

[2022-04-13 21:41:32] 接收控制信息：是否为管理员： false ，是否暂停时间： true ,时间倍速： 1

[2022-04-13 21:41:33] 接收控制信息：是否为管理员： false ，是否暂停时间： false ,时间倍速： 1

[2022-04-13 21:41:36] 接收控制信息：是否为管理员： false ，是否暂停时间： true ,时间倍速： 1

[2022-04-13 21:41:41] 接收控制信息：是否为管理员： false ，是否暂停时间： false ,时间倍速： 1

[2022-04-13 21:41:42] 接收控制信息：是否为管理员： false ，是否暂停时间： true ,时间倍速： 1

[2022-04-13 21:41:46] 接收控制信息：是否为管理员： false ，是否暂停时间： false ,时间倍速： 1

[2022-04-13 21:41:48] 接收控制信息：是否为管理员： false ，是否暂停时间： true ,时间倍速： 1

[2022-04-13 21:44:24] 接收控制信息：是否为管理员： false ，是否暂停时间： false ,时间倍速： 1

[2022-04-13 21:44:46] 接收控制信息：是否为管理员： false ，是否暂停时间： true ,时间倍速： 1

[2022-04-13 21:45:38] 接收控制信息：是否为管理员： false ，是否暂停时间： false ,时间倍速： 1

[2022-04-13 21:45:51] 接收控制信息：是否为管理员： false ，是否暂停时间： true ,时间倍速： 1

[2022-04-13 21:48:54] 接收控制信息：是否为管理员： false ，是否暂停时间： false ,时间倍速： 1

[2022-04-13 21:48:59] 接收控制信息：是否为管理员： false ，是否暂停时间： true ,时间倍速： 1

[2022-04-13 21:49:01] 接收控制信息：是否为管理员： false ，是否暂停时间： false ,时间倍速： 1

[2022-04-13 21:49:04] 接收控制信息：是否为管理员： false ，是否暂停时间： true ,时间倍速： 1

[2022-04-13 21:49:07] 接收控制信息：是否为管理员： false ，是否暂停时间： false ,时间倍速： 1

[2022-04-13 21:49:10] 接收控制信息：是否为管理员： false ，是否暂停时间： true ,时间倍速： 1

[2022-04-13 22:02:08] 接收控制信息：是否为管理员： false ，是否暂停时间： false ,时间倍速： 1

[2022-04-13 22:02:11] 接收控制信息：是否为管理员： false ，是否暂停时间： true ,时间倍速： 1

[2022-04-13 22:02:17] 接收控制信息：是否为管理员： false ，是否暂停时间： false ,时间倍速： 1

[2022-04-13 22:02:18] 删除考试,时间：星期 1 - 第 12 节，校区： 沙河校区 ，地点： 沙河操场 ，教室号: N516 ，名称： 计算机网络

[2022-04-13 22:02:19] 接收控制信息：是否为管理员： false ，是否暂停时间： true ,时间倍速： 1

[2022-04-13 22:04:29] 接收控制信息：是否为管理员： false ，是否暂停时间： false ,时间倍速： 1

[2022-04-13 22:04:36] 删除考试,时间：星期 1 - 第 13 节，校区： 沙河校区 ，地点： 沙河操场 ，教室号: N516 ，名称： 计算机网络

[2022-04-13 22:04:38] 接收控制信息：是否为管理员： false ，是否暂停时间： true ,时间倍速： 1

[2022-04-13 22:04:41] 接收控制信息：是否为管理员： false ，是否暂停时间： false ,时间倍速： 1

[2022-04-13 22:04:48] 删除考试,时间：星期 1 - 第 14 节，校区： 沙河校区 ，地点： 沙河操场 ，教室号: N516 ，名称： 计算机网络

[2022-04-13 22:05:03] 接收控制信息：是否为管理员： false ，是否暂停时间： true ,时间倍速： 1

[2022-04-13 22:05:09] 接收控制信息：是否为管理员： false ，是否暂停时间： false ,时间倍速： 1

[2022-04-13 22:05:11] 接收控制信息：是否为管理员： false ，是否暂停时间： true ,时间倍速： 1

[2022-04-13 22:05:12] 接收控制信息：是否为管理员： false ，是否暂停时间： false ,时间倍速： 1

[2022-04-13 22:05:13] 接收控制信息：是否为管理员： false ，是否暂停时间： true ,时间倍速： 1

[2022-04-13 22:05:15] 接收控制信息：是否为管理员： false ，是否暂停时间： false ,时间倍速： 1

[2022-04-13 22:05:17] 接收控制信息：是否为管理员： false ，是否暂停时间： true ,时间倍速： 1

[2022-04-13 22:15:14] 接收控制信息：是否为管理员： false ，是否暂停时间： false ,时间倍速： 1

[2022-04-13 22:15:18] 接收控制信息：是否为管理员： false ，是否暂停时间： true ,时间倍速： 1

[2022-04-13 22:33:02] 接收控制信息：是否为管理员： false ，是否暂停时间： false ,时间倍速： 1

[2022-04-13 22:33:12] 接收控制信息：是否为管理员： false ，是否暂停时间： true ,时间倍速： 1

[2022-04-13 22:33:22] 接收控制信息：是否为管理员： false ，是否暂停时间： false ,时间倍速： 1

[2022-04-13 22:33:28] 接收控制信息：是否为管理员： false ，是否暂停时间： true ,时间倍速： 1

[2022-04-13 22:33:53] 接收控制信息：是否为管理员： false ，是否暂停时间： false ,时间倍速： 1

[2022-04-13 22:34:15] 接收控制信息：是否为管理员： false ，是否暂停时间： false ,时间倍速： 2

[2022-04-13 22:34:15] 接收控制信息：是否为管理员： false ，是否暂停时间： false ,时间倍速： 2

[2022-04-13 22:34:15] 接收控制信息：是否为管理员： false ，是否暂停时间： false ,时间倍速： 5

[2022-04-13 22:34:15] 接收控制信息：是否为管理员： false ，是否暂停时间： false ,时间倍速： 5

[2022-04-13 22:34:17] 接收控制信息：是否为管理员： false ，是否暂停时间： false ,时间倍速： 10

[2022-04-13 22:34:17] 接收控制信息：是否为管理员： false ，是否暂停时间： false ,时间倍速： 10

[2022-04-13 22:34:21] 接收控制信息：是否为管理员： false ，是否暂停时间： true ,时间倍速： 10

[2022-04-13 22:34:25] 接收控制信息：是否为管理员： false ，是否暂停时间： false ,时间倍速： 10

[2022-04-13 22:34:27] 接收控制信息：是否为管理员： false ，是否暂停时间： true ,时间倍速： 10

[2022-04-13 22:34:39] 接收控制信息：是否为管理员： false ，是否暂停时间： false ,时间倍速： 10

[2022-04-13 22:34:39] 接收控制信息：是否为管理员： false ，是否暂停时间： true ,时间倍速： 10

[2022-04-13 22:34:41] 接收控制信息：是否为管理员： false ，是否暂停时间： false ,时间倍速： 10

[2022-04-13 22:34:41] 接收控制信息：是否为管理员： false ，是否暂停时间： true ,时间倍速： 10

[2022-04-13 22:34:49] 接收控制信息：是否为管理员： false ，是否暂停时间： false ,时间倍速： 10

[2022-04-13 22:34:49] 接收控制信息：是否为管理员： false ，是否暂停时间： true ,时间倍速： 10

[2022-04-13 22:34:51] 接收控制信息：是否为管理员： false ，是否暂停时间： false ,时间倍速： 10

[2022-04-13 22:34:52] 接收控制信息：是否为管理员： false ，是否暂停时间： true ,时间倍速： 10

[2022-04-13 22:34:58] 接收控制信息：是否为管理员： false ，是否暂停时间： false ,时间倍速： 10

[2022-04-13 22:34:58] 接收控制信息：是否为管理员： false ，是否暂停时间： true ,时间倍速： 10

[2022-04-13 22:35:00] 接收控制信息：是否为管理员： false ，是否暂停时间： false ,时间倍速： 10

[2022-04-13 22:35:03] 接收控制信息：是否为管理员： false ，是否暂停时间： true ,时间倍速： 10

[2022-04-13 22:35:08] 接收控制信息：是否为管理员： false ，是否暂停时间： false ,时间倍速： 10

[2022-04-13 22:35:09] 接收控制信息：是否为管理员： false ，是否暂停时间： true ,时间倍速： 10

[2022-04-13 22:35:11] 接收控制信息：是否为管理员： false ，是否暂停时间： false ,时间倍速： 10

[2022-04-13 22:35:31] 接收控制信息：是否为管理员： false ，是否暂停时间： true ,时间倍速： 10

[2022-04-13 22:35:52] 接收控制信息：是否为管理员： false ，是否暂停时间： false ,时间倍速： 10

[2022-04-13 22:36:00] 接收控制信息：是否为管理员： false ，是否暂停时间： true ,时间倍速： 10

[2022-04-13 22:36:08] 接收控制信息：是否为管理员： false ，是否暂停时间： false ,时间倍速： 10

[2022-04-13 22:36:10] 接收控制信息：是否为管理员： false ，是否暂停时间： true ,时间倍速： 10

[2022-04-13 22:36:19] 接收控制信息：是否为管理员： false ，是否暂停时间： false ,时间倍速： 10

[2022-04-13 22:36:45] 接收控制信息：是否为管理员： false ，是否暂停时间： true ,时间倍速： 10

[2022-04-13 22:37:31] 接收控制信息：是否为管理员： false ，是否暂停时间： false ,时间倍速： 10

[2022-04-13 22:37:31] 接收控制信息：是否为管理员： false ，是否暂停时间： true ,时间倍速： 10

[2022-04-13 22:37:32] 接收控制信息：是否为管理员： false ，是否暂停时间： false ,时间倍速： 10

[2022-04-13 22:37:33] 接收控制信息：是否为管理员： false ，是否暂停时间： true ,时间倍速： 10

[2022-04-13 22:37:34] 接收控制信息：是否为管理员： false ，是否暂停时间： false ,时间倍速： 10

[2022-04-13 22:37:34] 接收控制信息：是否为管理员： false ，是否暂停时间： true ,时间倍速： 10

[2022-04-13 22:37:42] 接收控制信息：是否为管理员： false ，是否暂停时间： false ,时间倍速： 10

[2022-04-13 22:37:43] 接收控制信息：是否为管理员： false ，是否暂停时间： true ,时间倍速： 10

[2022-04-13 22:37:48] 接收控制信息：是否为管理员： false ，是否暂停时间： false ,时间倍速： 10

[2022-04-13 22:37:49] 接收控制信息：是否为管理员： false ，是否暂停时间： true ,时间倍速： 10

[2022-04-13 22:37:52] 接收控制信息：是否为管理员： false ，是否暂停时间： false ,时间倍速： 10

[2022-04-13 22:37:53] 接收控制信息：是否为管理员： false ，是否暂停时间： true ,时间倍速： 10

[2022-04-13 22:37:53] 接收控制信息：是否为管理员： false ，是否暂停时间： false ,时间倍速： 10

[2022-04-13 22:37:56] 接收控制信息：是否为管理员： false ，是否暂停时间： true ,时间倍速： 10

[2022-04-13 22:37:56] 接收控制信息：是否为管理员： false ，是否暂停时间： false ,时间倍速： 10

[2022-04-13 22:37:56] 接收控制信息：是否为管理员： false ，是否暂停时间： true ,时间倍速： 10

[2022-04-13 22:37:57] 接收控制信息：是否为管理员： false ，是否暂停时间： false ,时间倍速： 10

[2022-04-13 22:38:01] 接收控制信息：是否为管理员： false ，是否暂停时间： true ,时间倍速： 10

[2022-04-13 22:38:07] 接收控制信息：是否为管理员： false ，是否暂停时间： false ,时间倍速： 10

[2022-04-13 22:38:07] 接收控制信息：是否为管理员： false ，是否暂停时间： true ,时间倍速： 10

[2022-04-13 22:38:09] 接收控制信息：是否为管理员： false ，是否暂停时间： false ,时间倍速： 10

[2022-04-13 22:38:09] 接收控制信息：是否为管理员： false ，是否暂停时间： true ,时间倍速： 10

[2022-04-13 22:38:09] 接收控制信息：是否为管理员： false ，是否暂停时间： false ,时间倍速： 10

[2022-04-13 22:38:10] 接收控制信息：是否为管理员： false ，是否暂停时间： true ,时间倍速： 10

[2022-04-13 22:38:11] 接收控制信息：是否为管理员： false ，是否暂停时间： false ,时间倍速： 10

[2022-04-13 22:38:11] 接收控制信息：是否为管理员： false ，是否暂停时间： true ,时间倍速： 10

[2022-04-13 22:38:12] 接收控制信息：是否为管理员： false ，是否暂停时间： false ,时间倍速： 10

[2022-04-13 22:38:13] 接收控制信息：是否为管理员： false ，是否暂停时间： true ,时间倍速： 10

[2022-04-13 23:23:32] 接收控制信息：是否为管理员： false ，是否暂停时间： false ,时间倍速： 10

[2022-04-13 23:23:34] 接收控制信息：是否为管理员： false ，是否暂停时间： true ,时间倍速： 10

[2022-04-13 23:24:03] 接收控制信息：是否为管理员： false ，是否暂停时间： true ,时间倍速： 1

[2022-04-13 23:24:04] 接收控制信息：是否为管理员： false ，是否暂停时间： true ,时间倍速： 2

[2022-04-13 23:24:12] 接收控制信息：是否为管理员： false ，是否暂停时间： false ,时间倍速： 2

[2022-04-13 23:24:23] 接收控制信息：是否为管理员： false ，是否暂停时间： true ,时间倍速： 2

[2022-04-13 23:24:31] 接收控制信息：是否为管理员： false ，是否暂停时间： false ,时间倍速： 2

[2022-04-13 23:24:34] 接收控制信息：是否为管理员： false ，是否暂停时间： true ,时间倍速： 2

[2022-04-13 23:24:39] 接收控制信息：是否为管理员： false ，是否暂停时间： false ,时间倍速： 2

[2022-04-13 23:24:41] 接收控制信息：是否为管理员： false ，是否暂停时间： true ,时间倍速： 2

[2022-04-13 23:26:08] 接收控制信息：是否为管理员： false ，是否暂停时间： false ,时间倍速： 2

[2022-04-13 23:26:23] 接收控制信息：是否为管理员： false ，是否暂停时间： true ,时间倍速： 2

[2022-04-13 23:28:03] 接收控制信息：是否为管理员： false ，是否暂停时间： false ,时间倍速： 2

[2022-04-13 23:28:10] 接收控制信息：是否为管理员： false ，是否暂停时间： true ,时间倍速： 2

[2022-04-13 23:37:30] 接收控制信息：是否为管理员： false ，是否暂停时间： false ,时间倍速： 2

[2022-04-13 23:37:34] 接收控制信息：是否为管理员： false ，是否暂停时间： true ,时间倍速： 2

[2022-04-13 23:40:38] 接收控制信息：是否为管理员： false ，是否暂停时间： false ,时间倍速： 2

[2022-04-13 23:40:41] 接收控制信息：是否为管理员： false ，是否暂停时间： true ,时间倍速： 2

[2022-04-13 23:41:52] 接收控制信息：是否为管理员： false ，是否暂停时间： false ,时间倍速： 2

[2022-04-13 23:41:54] 接收控制信息：是否为管理员： false ，是否暂停时间： true ,时间倍速： 2

[2022-04-13 23:41:56] 接收控制信息：是否为管理员： false ，是否暂停时间： false ,时间倍速： 2

[2022-04-13 23:41:59] 接收控制信息：是否为管理员： false ，是否暂停时间： true ,时间倍速： 2

[2022-04-13 23:48:20] 接收控制信息：是否为管理员： false ，是否暂停时间： false ,时间倍速： 2

[2022-04-13 23:48:24] 接收控制信息：是否为管理员： false ，是否暂停时间： true ,时间倍速： 2

[2022-04-13 23:48:27] 接收控制信息：是否为管理员： false ，是否暂停时间： false ,时间倍速： 2

[2022-04-13 23:48:28] 接收控制信息：是否为管理员： false ，是否暂停时间： true ,时间倍速： 2

[2022-04-13 23:48:28] 接收控制信息：是否为管理员： false ，是否暂停时间： false ,时间倍速： 2

[2022-04-13 23:48:30] 接收控制信息：是否为管理员： false ，是否暂停时间： true ,时间倍速： 2

[2022-04-13 23:48:47] 接收控制信息：是否为管理员： false ，是否暂停时间： false ,时间倍速： 2

[2022-04-13 23:48:48] 接收控制信息：是否为管理员： false ，是否暂停时间： true ,时间倍速： 2

[2022-04-13 23:48:48] 接收控制信息：是否为管理员： false ，是否暂停时间： false ,时间倍速： 2

[2022-04-13 23:48:49] 接收控制信息：是否为管理员： false ，是否暂停时间： true ,时间倍速： 2

[2022-04-13 23:48:54] 接收控制信息：是否为管理员： false ，是否暂停时间： true ,时间倍速： 5

[2022-04-13 23:48:54] 接收控制信息：是否为管理员： false ，是否暂停时间： true ,时间倍速： 10

[2022-04-13 23:48:55] 接收控制信息：是否为管理员： false ，是否暂停时间： false ,时间倍速： 10

[2022-04-13 23:49:07] 接收控制信息：是否为管理员： false ，是否暂停时间： true ,时间倍速： 10

[2022-04-13 23:49:09] 接收控制信息：是否为管理员： false ，是否暂停时间： true ,时间倍速： 1

[2022-04-13 23:49:09] 接收控制信息：是否为管理员： false ，是否暂停时间： true ,时间倍速： 2

[2022-04-13 23:49:11] 接收控制信息：是否为管理员： false ，是否暂停时间： false ,时间倍速： 2

[2022-04-13 23:49:25] 接收控制信息：是否为管理员： false ，是否暂停时间： true ,时间倍速： 2

[2022-04-13 23:50:19] 接收控制信息：是否为管理员： false ，是否暂停时间： false ,时间倍速： 2

[2022-04-13 23:50:19] 接收控制信息：是否为管理员： false ，是否暂停时间： true ,时间倍速： 2

[2022-04-13 23:50:59] 接收控制信息：是否为管理员： false ，是否暂停时间： false ,时间倍速： 2

[2022-04-13 23:51:12] 接收控制信息：是否为管理员： false ，是否暂停时间： true ,时间倍速： 2

[2022-04-13 23:51:12] 接收控制信息：是否为管理员： false ，是否暂停时间： false ,时间倍速： 2

[2022-04-13 23:51:14] 接收控制信息：是否为管理员： false ，是否暂停时间： true ,时间倍速： 2

[2022-04-13 23:51:16] 接收控制信息：是否为管理员： false ，是否暂停时间： false ,时间倍速： 2

[2022-04-13 23:51:19] 接收控制信息：是否为管理员： false ，是否暂停时间： true ,时间倍速： 2

[2022-04-13 23:51:22] 接收控制信息：是否为管理员： false ，是否暂停时间： false ,时间倍速： 2

[2022-04-13 23:51:26] 接收控制信息：是否为管理员： false ，是否暂停时间： true ,时间倍速： 2

[2022-04-13 23:51:28] 接收控制信息：是否为管理员： false ，是否暂停时间： false ,时间倍速： 2

[2022-04-13 23:51:29] 接收控制信息：是否为管理员： false ，是否暂停时间： true ,时间倍速： 2

[2022-04-13 23:51:31] 接收控制信息：是否为管理员： false ，是否暂停时间： false ,时间倍速： 2

[2022-04-13 23:51:33] 接收控制信息：是否为管理员： false ，是否暂停时间： true ,时间倍速： 2

[2022-04-13 23:51:35] 接收控制信息：是否为管理员： false ，是否暂停时间： false ,时间倍速： 2

[2022-04-13 23:51:42] 接收控制信息：是否为管理员： false ，是否暂停时间： true ,时间倍速： 2

[2022-04-13 23:51:43] 接收控制信息：是否为管理员： false ，是否暂停时间： false ,时间倍速： 2

[2022-04-13 23:51:48] 接收控制信息：是否为管理员： false ，是否暂停时间： true ,时间倍速： 2

[2022-04-13 23:51:57] 接收控制信息：是否为管理员： false ，是否暂停时间： false ,时间倍速： 2

[2022-04-13 23:51:58] 接收控制信息：是否为管理员： false ，是否暂停时间： true ,时间倍速： 2

[2022-04-13 23:53:21] 接收控制信息：是否为管理员： false ，是否暂停时间： false ,时间倍速： 2

[2022-04-13 23:53:31] 接收控制信息：是否为管理员： false ，是否暂停时间： true ,时间倍速： 2

[2022-04-13 23:53:42] 接收控制信息：是否为管理员： false ，是否暂停时间： true ,时间倍速： 5

[2022-04-13 23:53:42] 接收控制信息：是否为管理员： false ，是否暂停时间： true ,时间倍速： 10

[2022-04-13 23:53:45] 接收控制信息：是否为管理员： false ，是否暂停时间： false ,时间倍速： 10

[2022-04-13 23:53:57] 接收控制信息：是否为管理员： false ，是否暂停时间： true ,时间倍速： 10

[2022-04-13 23:53:58] 接收控制信息：是否为管理员： false ，是否暂停时间： true ,时间倍速： 1

[2022-04-13 23:53:58] 接收控制信息：是否为管理员： false ，是否暂停时间： true ,时间倍速： 2

[2022-04-13 23:54:00] 接收控制信息：是否为管理员： false ，是否暂停时间： false ,时间倍速： 2

[2022-04-13 23:54:14] 接收控制信息：是否为管理员： false ，是否暂停时间： true ,时间倍速： 2

