[2022-04-14 13:34:27] 正在初始化
[2022-04-14 13:34:27] 成功加载 9 门课程
[2022-04-14 13:34:27] 成功加载 2 类活动
[2022-04-14 13:34:27] 初始化完成
[2022-04-14 13:34:27] Web 服务启动成功，请访问 http://localhost:9090 进入系统
[2022-04-14 13:35:00] 接收控制信息：是否为管理员： false ，是否暂停时间： false ,时间倍速： 1

[2022-04-14 13:35:25] 接收控制信息：是否为管理员： false ，是否暂停时间： true ,时间倍速： 1

[2022-04-14 13:37:42] 接收控制信息：是否为管理员： false ，是否暂停时间： false ,时间倍速： 1

[2022-04-14 13:38:09] 接收控制信息：是否为管理员： false ，是否暂停时间： true ,时间倍速： 1

[2022-04-14 13:38:11] 接收控制信息：是否为管理员： false ，是否暂停时间： false ,时间倍速： 1

[2022-04-14 13:38:14] 接收控制信息：是否为管理员： false ，是否暂停时间： true ,时间倍速： 1

[2022-04-14 13:38:29] 接收控制信息：是否为管理员： false ，是否暂停时间： false ,时间倍速： 1

[2022-04-14 13:39:40] 接收控制信息：是否为管理员： false ，是否暂停时间： false ,时间倍速： 1

[2022-04-14 13:39:42] 接收控制信息：是否为管理员： false ，是否暂停时间： false ,时间倍速： 1

[2022-04-14 13:39:50] 删除考试,时间：星期 1 - 第 12 节，校区： 沙河校区 ，地点： 沙河操场 ，教室号: N516 ，名称： 计算机网络

[2022-04-14 13:39:59] 删除考试,时间：星期 1 - 第 13 节，校区： 沙河校区 ，地点： 沙河操场 ，教室号: N516 ，名称： 计算机网络

[2022-04-14 13:40:07] 删除考试,时间：星期 1 - 第 14 节，校区： 沙河校区 ，地点： 沙河操场 ，教室号: N516 ，名称： 计算机网络

[2022-04-14 13:40:19] 接收控制信息：是否为管理员： false ，是否暂停时间： false ,时间倍速： 2

[2022-04-14 13:40:19] 接收控制信息：是否为管理员： false ，是否暂停时间： false ,时间倍速： 2

[2022-04-14 13:40:19] 接收控制信息：是否为管理员： false ，是否暂停时间： false ,时间倍速： 5

[2022-04-14 13:40:19] 接收控制信息：是否为管理员： false ，是否暂停时间： false ,时间倍速： 5

[2022-04-14 13:40:19] 接收控制信息：是否为管理员： false ，是否暂停时间： false ,时间倍速： 10

[2022-04-14 13:40:19] 接收控制信息：是否为管理员： false ，是否暂停时间： false ,时间倍速： 10

[2022-04-14 13:40:28] 接收控制信息：是否为管理员： false ，是否暂停时间： false ,时间倍速： 1

[2022-04-14 13:40:28] 接收控制信息：是否为管理员： false ，是否暂停时间： false ,时间倍速： 1

[2022-04-14 13:41:04] 接收控制信息：是否为管理员： false ，是否暂停时间： true ,时间倍速： 1

[2022-04-14 13:42:56] 接收控制信息：是否为管理员： false ，是否暂停时间： true ,时间倍速： 2

[2022-04-14 13:43:01] 接收控制信息：是否为管理员： false ，是否暂停时间： false ,时间倍速： 2

[2022-04-14 13:43:11] 接收控制信息：是否为管理员： false ，是否暂停时间： true ,时间倍速： 2

[2022-04-14 13:44:15] 接收控制信息：是否为管理员： false ，是否暂停时间： false ,时间倍速： 2

[2022-04-14 13:44:36] 接收控制信息：是否为管理员： false ，是否暂停时间： true ,时间倍速： 2

[2022-04-14 13:44:44] 接收控制信息：是否为管理员： false ，是否暂停时间： true ,时间倍速： 5

[2022-04-14 13:44:49] 接收控制信息：是否为管理员： false ，是否暂停时间： false ,时间倍速： 5

[2022-04-14 13:44:51] 接收控制信息：是否为管理员： false ，是否暂停时间： true ,时间倍速： 5

[2022-04-14 13:46:13] 接收控制信息：是否为管理员： false ，是否暂停时间： true ,时间倍速： 10

[2022-04-14 13:46:14] 接收控制信息：是否为管理员： false ，是否暂停时间： false ,时间倍速： 10

[2022-04-14 13:46:29] 接收控制信息：是否为管理员： false ，是否暂停时间： true ,时间倍速： 10

[2022-04-14 13:46:59] 接收控制信息：是否为管理员： false ，是否暂停时间： true ,时间倍速： 1

[2022-04-14 13:46:59] 接收控制信息：是否为管理员： false ，是否暂停时间： true ,时间倍速： 2

[2022-04-14 13:47:03] 接收控制信息：是否为管理员： false ，是否暂停时间： false ,时间倍速： 2

[2022-04-14 13:47:17] 接收控制信息：是否为管理员： false ，是否暂停时间： true ,时间倍速： 2

[2022-04-14 13:47:49] 接收控制信息：是否为管理员： false ，是否暂停时间： false ,时间倍速： 2

[2022-04-14 13:47:54] 接收控制信息：是否为管理员： false ，是否暂停时间： true ,时间倍速： 2

[2022-04-14 13:48:01] 接收控制信息：是否为管理员： false ，是否暂停时间： false ,时间倍速： 2

[2022-04-14 13:48:25] 接收控制信息：是否为管理员： false ，是否暂停时间： true ,时间倍速： 2

[2022-04-14 14:13:06] 接收控制信息：是否为管理员： false ，是否暂停时间： false ,时间倍速： 2

[2022-04-14 14:13:08] 接收控制信息：是否为管理员： false ，是否暂停时间： false ,时间倍速： 5

[2022-04-14 14:13:08] 接收控制信息：是否为管理员： false ，是否暂停时间： false ,时间倍速： 5

[2022-04-14 14:13:08] 接收控制信息：是否为管理员： false ，是否暂停时间： false ,时间倍速： 10

[2022-04-14 14:13:08] 接收控制信息：是否为管理员： false ，是否暂停时间： false ,时间倍速： 10

[2022-04-14 14:13:13] 接收控制信息：是否为管理员： false ，是否暂停时间： true ,时间倍速： 10

[2022-04-14 14:13:46] 接收控制信息：是否为管理员： false ，是否暂停时间： false ,时间倍速： 10

[2022-04-14 14:13:47] 接收控制信息：是否为管理员： false ，是否暂停时间： true ,时间倍速： 10

[2022-04-14 14:13:47] 接收控制信息：是否为管理员： false ，是否暂停时间： false ,时间倍速： 10

[2022-04-14 14:13:50] 接收控制信息：是否为管理员： false ，是否暂停时间： true ,时间倍速： 10

[2022-04-14 14:16:34] 接收控制信息：是否为管理员： false ，是否暂停时间： false ,时间倍速： 10

[2022-04-14 14:16:36] 接收控制信息：是否为管理员： false ，是否暂停时间： true ,时间倍速： 10

[2022-04-14 14:16:38] 接收控制信息：是否为管理员： true ，是否暂停时间： true ,时间倍速： 10

[2022-04-14 14:16:39] 接收控制信息：是否为管理员： false ，是否暂停时间： true ,时间倍速： 10

[2022-04-14 14:19:13] 接收控制信息：是否为管理员： false ，是否暂停时间： false ,时间倍速： 10

[2022-04-14 14:19:15] 接收控制信息：是否为管理员： false ，是否暂停时间： true ,时间倍速： 10

[2022-04-14 14:37:57] 接收控制信息：是否为管理员： true ，是否暂停时间： true ,时间倍速： 10

[2022-04-14 14:37:57] 接收控制信息：是否为管理员： false ，是否暂停时间： true ,时间倍速： 10

[2022-04-14 14:38:08] 接收控制信息：是否为管理员： true ，是否暂停时间： true ,时间倍速： 10

[2022-04-14 14:38:20] 接收控制信息：是否为管理员： false ，是否暂停时间： true ,时间倍速： 10

[2022-04-14 15:45:38] 接收控制信息：是否为管理员： true ，是否暂停时间： true ,时间倍速： 10

[2022-04-14 15:52:09] 接收控制信息：是否为管理员： true ，是否暂停时间： false ,时间倍速： 10

[2022-04-14 15:52:13] 接收控制信息：是否为管理员： true ，是否暂停时间： true ,时间倍速： 10

[2022-04-14 15:52:20] 接收控制信息：是否为管理员： false ，是否暂停时间： true ,时间倍速： 10

[2022-04-14 15:52:22] 接收控制信息：是否为管理员： false ，是否暂停时间： false ,时间倍速： 10

[2022-04-14 15:52:30] 接收控制信息：是否为管理员： false ，是否暂停时间： true ,时间倍速： 10

[2022-04-14 15:52:41] 接收控制信息：是否为管理员： false ，是否暂停时间： false ,时间倍速： 10

[2022-04-14 15:52:47] 接收控制信息：是否为管理员： false ，是否暂停时间： false ,时间倍速： 10

[2022-04-14 15:52:55] 接收控制信息：是否为管理员： false ，是否暂停时间： true ,时间倍速： 10

[2022-04-14 15:53:01] 接收控制信息：是否为管理员： false ，是否暂停时间： true ,时间倍速： 1

[2022-04-14 15:53:02] 接收控制信息：是否为管理员： false ，是否暂停时间： false ,时间倍速： 1

[2022-04-14 15:53:09] 接收控制信息：是否为管理员： false ，是否暂停时间： true ,时间倍速： 1

[2022-04-14 17:09:14] 上传资料文件：资料名： 新建 microsoft word 文档.docx ,资料备注：  ,上传时间: 2021 年 - 42 月 - 8 日 - 7 时 - 41 分

