[2022-04-12 18:02:15] 正在初始化
[2022-04-12 18:02:15] 成功加载 9 门课程
[2022-04-12 18:02:15] 初始化完成
[2022-04-12 18:02:15] Web 服务启动成功，请访问 http://localhost:9090 进入系统
[2022-04-12 18:03:22] imhere
[2022-04-12 18:03:22] 新增活动，时间: 星期 1 - 0 时 - 0 分，校区： 沙河校区 ，地点： 教学楼 ,教室号: N111 ,备注: 1212 ,活动类型: 个人活动 ,活动内容: 自习

[2022-04-12 18:03:25] imthere
[2022-04-12 18:03:25] 新增活动，时间: 星期 1 - 0 时 - 0 分，校区： 沙河校区 ，地点： 教学楼 ,教室号: N111 ,备注: 2323 ,活动类型: 个人活动 ,活动内容: 自习

[2022-04-12 18:03:26] imoutthere
[2022-04-12 18:03:26] imhere
[2022-04-12 18:03:26] imoutthere
[2022-04-12 18:03:33] imouthere
[2022-04-12 18:03:33] imhere
[2022-04-12 18:03:33] imouthere
[2022-04-12 18:03:33] imhere
[2022-04-12 18:03:34] imouthere
[2022-04-12 18:03:34] imhere
[2022-04-12 18:03:34] imouthere
[2022-04-12 18:03:34] imhere
[2022-04-12 18:03:49] imouthere
[2022-04-12 18:03:49] imhere
[2022-04-12 18:03:49] imouthere
[2022-04-12 18:03:49] imhere
[2022-04-12 18:04:10] imouthere
[2022-04-12 18:04:10] imhere
[2022-04-12 18:04:10] imouthere
[2022-04-12 18:04:10] imhere
