[2022-04-12 17:02:53] 正在初始化
[2022-04-12 17:02:53] 成功加载 9 门课程
[2022-04-12 17:02:53] 初始化完成
[2022-04-12 17:02:53] Web 服务启动成功，请访问 http://localhost:9090 进入系统
[2022-04-12 17:03:13] 计算机网络
[2022-04-12 17:03:13] 计算机组成原理
[2022-04-12 17:03:24] 计算机网络
[2022-04-12 17:03:24] 计算机组成原理
[2022-04-12 17:03:24] 形式语言与自动机
[2022-04-12 17:03:39] 计算机网络
[2022-04-12 17:03:39] 计算机组成原理
[2022-04-12 17:03:39] 形式语言与自动机
[2022-04-12 17:04:32] 新增活动，时间: 星期 1 - 5 时 - 0 分，校区： 沙河校区 ，地点： 教学楼 ,教室号: N111 ,备注: 123 ,活动类型: 个人活动 ,活动内容: 自习

[2022-04-12 17:04:39] 新增活动，时间: 星期 1 - 12 时 - 0 分，校区： 沙河校区 ，地点： 教学楼 ,教室号: N111 ,备注: 123456 ,活动类型: 个人活动 ,活动内容: 自习

[2022-04-12 17:04:45] 新增活动，时间: 星期 5 - 12 时 - 0 分，校区： 沙河校区 ，地点： 教学楼 ,教室号: N111 ,备注: 2B ,活动类型: 个人活动 ,活动内容: 自习

[2022-04-12 17:04:57] 新增活动，时间: 星期 3 - 2 时 - 0 分，校区： 沙河校区 ，地点： 教学楼 ,教室号: N111 ,备注: 3B ,活动类型: 个人活动 ,活动内容: 自习

[2022-04-12 17:05:59] 新增活动，时间: 星期 3 - 0 时 - 0 分，校区： 沙河校区 ，地点： 教学楼 ,教室号: N111 ,备注: 234234 ,活动类型: 个人活动 ,活动内容: 自习

[2022-04-12 17:06:41] 新增闹钟，时间: 星期 2 - 0 时 - 0 分,备注：  ,重复次数: 仅响一次

[2022-04-12 17:06:45] 新增闹钟，时间: 星期 1 - 0 时 - 0 分,备注：  ,重复次数: 每天一次

[2022-04-12 17:08:14] 新增闹钟，时间: 星期 5 - 0 时 - 0 分,备注：  ,重复次数: 仅响一次

[2022-04-12 17:08:17] 新增闹钟，时间: 星期 4 - 0 时 - 0 分,备注：  ,重复次数: 仅响一次

[2022-04-12 17:08:44] 接收控制信息：是否为管理员： true ，是否暂停时间： true ,时间倍速： 1

[2022-04-12 17:09:07] 新增课程作业: 课程名： 计算机网络 ，作业标题： 写一篇论文 ，作业发布时间： 2021 年 - 1 月 - 4 日 - 0 时 - 0 分,作业描述： adfadsf ,作业是否完成: false

[2022-04-12 17:09:12] 接收控制信息：是否为管理员： true ，是否暂停时间： false ,时间倍速： 1

[2022-04-12 17:09:13] 接收控制信息：是否为管理员： true ，是否暂停时间： true ,时间倍速： 1

[2022-04-12 17:09:18] 新增课程作业: 课程名： 计算机网络 ，作业标题： 写2篇论文 ，作业发布时间： 2021 年 - 1 月 - 4 日 - 0 时 - 4 分,作业描述： adfadsfsafadsf ,作业是否完成: false

[2022-04-12 17:11:12] 上传作业文件：课程名： 计算机网络 ,作业标题： 写一篇论文 ,作业名: 新建位图图像.bmp ,备注： 2323 ,上传时间： 2021 年 - 1 月 - 4 日 - 0 时 - 4 分

[2022-04-12 17:13:35] 新增活动，时间: 星期 1 - 0 时 - 0 分，校区： 沙河校区 ，地点： 教学楼 ,教室号: N111 ,备注: 23333 ,活动类型: 个人活动 ,活动内容: 自习

