[2022-05-24 20:10:26] 正在初始化
[2022-05-24 20:10:26] 成功加载 9 门课程
[2022-05-24 20:10:26] 初始化完成
[2022-05-24 20:10:26] Web 服务启动成功，请访问 http://localhost:9090 进入系统
[2022-05-24 20:10:45] 文件 （补充）api和一些数据结构的要求.docx 压缩前大小: 793.30 KB
[2022-05-24 20:10:45] 文件 （补充）api和一些数据结构的要求.docx 压缩后大小: 795.72 KB
[2022-05-24 20:10:46] 压缩文件 [（补充）api和一些数据结构的要求.docx]，压缩率 100.30%
[2022-05-24 20:10:46] 验证成功！解压文件[（补充）api和一些数据结构的要求.docx]的MD5值与原文件一致
[2022-05-24 20:10:46] 2021/1/4 星期6 00:00  存入文件 [（补充）api和一些数据结构的要求.docx]
[2022-05-24 20:10:46] 2021/1/4 星期6 00:00  上传资料: [2021/1/4 00:00, 课程名: 计算机网络, 资料名: （补充）api和一些数据结构的要求.docx, 资料备注: ]

[2022-05-24 20:10:56] 文件 一篇论文.docx 压缩前大小: 0.00 KB
[2022-05-24 20:10:56] 获取压缩文件大小失败: CreateFile ./file/Compress/计算机网络/一篇论文: The system cannot find the file specified.
[2022-05-24 20:10:56] 文件 一篇论文.docx 压缩前大小: 0.00 KB
[2022-05-24 20:10:56] 获取压缩文件大小失败: CreateFile ./file/Compress/计算机网络/一篇论文: The system cannot find the file specified.
[2022-05-24 20:10:56] 文件 一篇论文.docx 压缩前大小: 0.00 KB
[2022-05-24 20:10:56] 获取压缩文件大小失败: CreateFile ./file/Compress/计算机网络/一篇论文: The system cannot find the file specified.
[2022-05-24 20:10:56] 2021/1/4 星期6 00:00  上传资料: [2021/1/4 00:00, 课程名: 计算机网络, 资料名: 一篇论文.docx, 资料备注: ]

[2022-05-24 20:11:22] 文件 一篇论文（已修改）.docx 压缩前大小: 14.15 KB
[2022-05-24 20:11:22] 文件 一篇论文（已修改）.docx 压缩后大小: 16.21 KB
[2022-05-24 20:11:22] 压缩文件 [一篇论文（已修改）.docx]，压缩率 114.54%
[2022-05-24 20:11:22] 验证成功！解压文件[一篇论文（已修改）.docx]的MD5值与原文件一致
[2022-05-24 20:11:22] 2021/1/4 星期6 00:00  存入文件 [一篇论文（已修改）.docx]
[2022-05-24 20:11:22] 2021/1/4 星期6 00:00  上传资料: [2021/1/4 00:00, 课程名: 计算机网络, 资料名: 一篇论文（已修改）.docx, 资料备注: ]

[2022-05-24 20:12:06] 文件 1111111.docx 压缩前大小: 0.00 KB
[2022-05-24 20:12:06] 获取压缩文件大小失败: CreateFile ./file/Compress/计算机网络/1111111: The system cannot find the file specified.
[2022-05-24 20:12:06] 文件 1111111.docx 压缩前大小: 0.00 KB
[2022-05-24 20:12:06] 获取压缩文件大小失败: CreateFile ./file/Compress/计算机网络/1111111: The system cannot find the file specified.
[2022-05-24 20:12:06] 2021/1/4 星期6 00:00  上传资料: [2021/1/4 00:00, 课程名: 计算机网络, 资料名: 1111111.docx, 资料备注: ]

[2022-05-24 20:14:06] 文件 test.doc 压缩前大小: 9.22 KB
[2022-05-24 20:14:06] 文件 test.doc 压缩后大小: 5.75 KB
[2022-05-24 20:14:06] 压缩文件 [test.doc]，压缩率 62.39%
[2022-05-24 20:14:06] 验证成功！解压文件[test.doc]的MD5值与原文件一致
[2022-05-24 20:14:06] 2021/1/4 星期6 00:00  存入文件 [test.doc]
[2022-05-24 20:14:06] 2021/1/4 星期6 00:00  上传资料: [2021/1/4 00:00, 课程名: 计算机网络, 资料名: test.doc, 资料备注: ]

