[2022-04-11 00:40:32] 正在初始化
[2022-04-11 00:40:32] 成功加载 9 门课程
[2022-04-11 00:40:32] 初始化完成
[2022-04-11 00:40:32] Web 服务启动成功，请访问 http://localhost:9090 进入系统
[2022-04-11 00:41:34] 接收控制信息：是否为管理员： false ，是否暂停时间： false ,时间倍速： 0

[2022-04-11 00:42:22] 接收控制信息：是否为管理员： false ，是否暂停时间： false ,时间倍速： 0

[2022-04-11 00:42:24] 接收控制信息：是否为管理员： false ，是否暂停时间： false ,时间倍速： 0

[2022-04-11 00:42:36] 接收控制信息：是否为管理员： false ，是否暂停时间： true ,时间倍速： 0

[2022-04-11 00:42:44] 接收控制信息：是否为管理员： false ，是否暂停时间： true ,时间倍速： 5

[2022-04-11 00:42:50] 接收控制信息：是否为管理员： false ，是否暂停时间： true ,时间倍速： 2

[2022-04-11 00:43:25] 接收控制信息：是否为管理员： false ，是否暂停时间： false ,时间倍速： 2

[2022-04-11 00:44:27] 接收控制信息：是否为管理员： false ，是否暂停时间： true ,时间倍速： 2

[2022-04-11 00:44:32] 接收控制信息：是否为管理员： false ，是否暂停时间： true ,时间倍速： 2

[2022-04-11 00:44:40] 接收控制信息：是否为管理员： false ，是否暂停时间： true ,时间倍速： 2

[2022-04-11 00:45:27] 接收控制信息：是否为管理员： false ，是否暂停时间： true ,时间倍速： 10

[2022-04-11 00:49:56] 接收控制信息：是否为管理员： false ，是否暂停时间： true ,时间倍速： 2

[2022-04-11 00:50:00] 接收控制信息：是否为管理员： false ，是否暂停时间： true ,时间倍速： 2

[2022-04-11 00:50:00] 接收控制信息：是否为管理员： false ，是否暂停时间： true ,时间倍速： 2

[2022-04-11 00:50:01] 接收控制信息：是否为管理员： false ，是否暂停时间： true ,时间倍速： 2

[2022-04-11 00:50:02] 接收控制信息：是否为管理员： false ，是否暂停时间： true ,时间倍速： 2

[2022-04-11 00:50:03] 接收控制信息：是否为管理员： false ，是否暂停时间： true ,时间倍速： 2

[2022-04-11 00:50:04] 接收控制信息：是否为管理员： false ，是否暂停时间： true ,时间倍速： 2

[2022-04-11 00:50:04] 接收控制信息：是否为管理员： false ，是否暂停时间： true ,时间倍速： 2

[2022-04-11 00:50:05] 接收控制信息：是否为管理员： false ，是否暂停时间： true ,时间倍速： 2

[2022-04-11 00:50:05] 接收控制信息：是否为管理员： false ，是否暂停时间： true ,时间倍速： 2

[2022-04-11 00:50:06] 接收控制信息：是否为管理员： false ，是否暂停时间： true ,时间倍速： 2

[2022-04-11 00:50:06] 接收控制信息：是否为管理员： false ，是否暂停时间： true ,时间倍速： 2

[2022-04-11 00:50:07] 接收控制信息：是否为管理员： false ，是否暂停时间： true ,时间倍速： 2

[2022-04-11 00:50:07] 接收控制信息：是否为管理员： false ，是否暂停时间： true ,时间倍速： 2

[2022-04-11 00:50:12] 接收控制信息：是否为管理员： false ，是否暂停时间： true ,时间倍速： 2

[2022-04-11 00:50:13] 接收控制信息：是否为管理员： false ，是否暂停时间： true ,时间倍速： 2

[2022-04-11 00:50:13] 接收控制信息：是否为管理员： false ，是否暂停时间： true ,时间倍速： 2

[2022-04-11 00:50:14] 接收控制信息：是否为管理员： false ，是否暂停时间： true ,时间倍速： 2

[2022-04-11 00:50:15] 接收控制信息：是否为管理员： false ，是否暂停时间： true ,时间倍速： 2

[2022-04-11 00:50:35] 接收控制信息：是否为管理员： false ，是否暂停时间： true ,时间倍速： 2

[2022-04-11 00:50:52] 接收控制信息：是否为管理员： false ，是否暂停时间： false ,时间倍速： 2

[2022-04-11 00:51:26] 接收控制信息：是否为管理员： false ，是否暂停时间： false ,时间倍速： 2

[2022-04-11 00:51:29] 接收控制信息：是否为管理员： false ，是否暂停时间： true ,时间倍速： 2

[2022-04-11 00:51:30] 接收控制信息：是否为管理员： false ，是否暂停时间： true ,时间倍速： 2

[2022-04-11 00:51:32] 接收控制信息：是否为管理员： false ，是否暂停时间： true ,时间倍速： 2

[2022-04-11 00:51:35] 接收控制信息：是否为管理员： false ，是否暂停时间： true ,时间倍速： 2

[2022-04-11 00:52:06] 接收控制信息：是否为管理员： false ，是否暂停时间： false ,时间倍速： 2

[2022-04-11 00:52:08] 接收控制信息：是否为管理员： false ，是否暂停时间： false ,时间倍速： 2

[2022-04-11 00:52:09] 接收控制信息：是否为管理员： false ，是否暂停时间： false ,时间倍速： 2

[2022-04-11 00:52:12] 接收控制信息：是否为管理员： false ，是否暂停时间： false ,时间倍速： 2

[2022-04-11 00:52:13] 接收控制信息：是否为管理员： false ，是否暂停时间： false ,时间倍速： 2

[2022-04-11 00:52:13] 接收控制信息：是否为管理员： false ，是否暂停时间： false ,时间倍速： 2

[2022-04-11 00:52:26] 接收控制信息：是否为管理员： false ，是否暂停时间： true ,时间倍速： 5

[2022-04-11 00:52:56] 接收控制信息：是否为管理员： false ，是否暂停时间： false ,时间倍速： 5

[2022-04-11 00:52:58] 接收控制信息：是否为管理员： false ，是否暂停时间： false ,时间倍速： 5

[2022-04-11 00:52:58] 接收控制信息：是否为管理员： false ，是否暂停时间： false ,时间倍速： 5

[2022-04-11 00:52:59] 接收控制信息：是否为管理员： false ，是否暂停时间： false ,时间倍速： 5

[2022-04-11 00:52:59] 接收控制信息：是否为管理员： false ，是否暂停时间： false ,时间倍速： 5

[2022-04-11 00:53:00] 接收控制信息：是否为管理员： false ，是否暂停时间： false ,时间倍速： 5

[2022-04-11 00:53:02] 删除考试,时间： 0 - 11 ，校区： 沙河校区 ，地点： 教学楼 ，教室号: N516 ，名称： 计算机网络

[2022-04-11 00:53:07] 删除考试,时间： 0 - 12 ，校区： 沙河校区 ，地点： 教学楼 ，教室号: N516 ，名称： 计算机网络

[2022-04-11 00:53:12] 删除考试,时间： 0 - 13 ，校区： 沙河校区 ，地点： 教学楼 ，教室号: N516 ，名称： 计算机网络

[2022-04-11 00:54:27] 新增闹钟，时间: 0 - 0 - 0 ,备注：  ,重复次数: 仅响一次

[2022-04-11 00:54:29] 接收控制信息：是否为管理员： false ，是否暂停时间： true ,时间倍速： 5

[2022-04-11 00:54:33] 新增闹钟，时间: 0 - 0 - 0 ,备注：  ,重复次数: 仅响一次

[2022-04-11 00:55:17] 接收控制信息：是否为管理员： false ，是否暂停时间： true ,时间倍速： 5

[2022-04-11 00:55:24] 新增活动，时间: 0 - 0 - 0 ，校区： 沙河校区 ，地点： 教学楼 ,教室号: N111 ,备注: 123 ,活动类型: 个人活动

[2022-04-11 00:55:26] 接收控制信息：是否为管理员： false ，是否暂停时间： true ,时间倍速： 5

[2022-04-11 00:55:33] 接收控制信息：是否为管理员： false ，是否暂停时间： true ,时间倍速： 5

[2022-04-11 00:55:37] 新增活动，时间: 0 - 0 - 0 ，校区： 沙河校区 ，地点： 教学楼 ,教室号: N111 ,备注: 123 ,活动类型: 个人活动

[2022-04-11 00:55:39] 接收控制信息：是否为管理员： false ，是否暂停时间： true ,时间倍速： 5

[2022-04-11 00:55:44] 新增活动，时间: 0 - 0 - 0 ，校区： 沙河校区 ，地点： 教学楼 ,教室号: N111 ,备注: 12 ,活动类型: 个人活动

[2022-04-11 00:56:28] 新增活动，时间: 0 - 5 - 10 ，校区： 沙河校区 ，地点： 教学楼 ,教室号: N111 ,备注: 12 ,活动类型: 个人活动

[2022-04-11 00:57:13] 接收控制信息：是否为管理员： false ，是否暂停时间： true ,时间倍速： 5

[2022-04-11 00:57:19] 删除活动，时间: 0 - 5 - 10 ，校区： 沙河校区 ，地点： 教学楼 ,教室号: N111 ,备注: 12 ,活动类型: 个人活动

[2022-04-11 00:57:20] 删除活动，时间: 0 - 0 - 0 ，校区： 沙河校区 ，地点： 教学楼 ,教室号: N111 ,备注: 12 ,活动类型: 个人活动

[2022-04-11 00:57:21] 接收控制信息：是否为管理员： false ，是否暂停时间： true ,时间倍速： 5

[2022-04-11 00:57:25] 删除闹钟，时间: 0 - 0 - 0 ,备注：  ,重复次数: 仅响一次

[2022-04-11 00:57:25] 接收控制信息：是否为管理员： false ，是否暂停时间： true ,时间倍速： 5

[2022-04-11 00:57:38] 新增闹钟，时间: 0 - 23 - 0 ,备注：  ,重复次数: 仅响一次

[2022-04-11 00:57:42] 删除闹钟，时间: 0 - 23 - 0 ,备注：  ,重复次数: 仅响一次

[2022-04-11 00:57:46] 接收控制信息：是否为管理员： false ，是否暂停时间： false ,时间倍速： 5

[2022-04-11 00:59:18] 接收控制信息：是否为管理员： false ，是否暂停时间： true ,时间倍速： 5

[2022-04-11 01:00:54] 接收控制信息：是否为管理员： false ，是否暂停时间： false ,时间倍速： 10

[2022-04-11 01:01:10] 接收控制信息：是否为管理员： false ，是否暂停时间： false ,时间倍速： 10

[2022-04-11 01:01:45] 接收控制信息：是否为管理员： false ，是否暂停时间： true ,时间倍速： 10

[2022-04-11 01:03:59] 接收控制信息：是否为管理员： false ，是否暂停时间： true ,时间倍速： 10

[2022-04-11 01:04:00] 接收控制信息：是否为管理员： false ，是否暂停时间： true ,时间倍速： 10

[2022-04-11 01:04:01] 接收控制信息：是否为管理员： false ，是否暂停时间： true ,时间倍速： 10

[2022-04-11 01:04:02] 接收控制信息：是否为管理员： false ，是否暂停时间： true ,时间倍速： 10

[2022-04-11 01:04:08] 接收控制信息：是否为管理员： false ，是否暂停时间： false ,时间倍速： 1

[2022-04-11 01:04:11] 接收控制信息：是否为管理员： false ，是否暂停时间： true ,时间倍速： 1

[2022-04-11 01:04:11] 接收控制信息：是否为管理员： false ，是否暂停时间： true ,时间倍速： 1

[2022-04-11 01:04:12] 接收控制信息：是否为管理员： false ，是否暂停时间： true ,时间倍速： 1

[2022-04-11 01:04:30] 接收控制信息：是否为管理员： false ，是否暂停时间： true ,时间倍速： 1

[2022-04-11 01:06:12] 接收控制信息：是否为管理员： false ，是否暂停时间： true ,时间倍速： 1

[2022-04-11 01:06:12] 接收控制信息：是否为管理员： false ，是否暂停时间： true ,时间倍速： 1

[2022-04-11 01:06:12] 接收控制信息：是否为管理员： false ，是否暂停时间： true ,时间倍速： 1

[2022-04-11 01:06:13] 接收控制信息：是否为管理员： false ，是否暂停时间： true ,时间倍速： 1

