[2022-04-13 21:21:46] 正在初始化
[2022-04-13 21:21:46] 成功加载 9 门课程
[2022-04-13 21:21:46] 成功加载 2 类活动
[2022-04-13 21:21:46] 初始化完成
[2022-04-13 21:21:46] Web 服务启动成功，请访问 http://localhost:9090 进入系统
[2022-04-13 21:22:01] 接收控制信息：是否为管理员： false ，是否暂停时间： false ,时间倍速： 1

[2022-04-13 21:22:06] 接收控制信息：是否为管理员： false ，是否暂停时间： true ,时间倍速： 1

[2022-04-13 21:22:07] 接收控制信息：是否为管理员： false ，是否暂停时间： false ,时间倍速： 1

[2022-04-13 21:22:07] 接收控制信息：是否为管理员： false ，是否暂停时间： true ,时间倍速： 1

[2022-04-13 21:22:08] 接收控制信息：是否为管理员： false ，是否暂停时间： false ,时间倍速： 1

[2022-04-13 21:22:13] 接收控制信息：是否为管理员： false ，是否暂停时间： true ,时间倍速： 1

[2022-04-13 21:22:13] 接收控制信息：是否为管理员： false ，是否暂停时间： false ,时间倍速： 1

[2022-04-13 21:22:19] 接收控制信息：是否为管理员： false ，是否暂停时间： true ,时间倍速： 1

[2022-04-13 21:22:25] 接收控制信息：是否为管理员： false ，是否暂停时间： false ,时间倍速： 1

[2022-04-13 21:22:28] 接收控制信息：是否为管理员： false ，是否暂停时间： true ,时间倍速： 1

[2022-04-13 21:22:29] 接收控制信息：是否为管理员： false ，是否暂停时间： false ,时间倍速： 1

[2022-04-13 21:22:29] 接收控制信息：是否为管理员： false ，是否暂停时间： true ,时间倍速： 1

[2022-04-13 21:22:30] 接收控制信息：是否为管理员： false ，是否暂停时间： false ,时间倍速： 1

[2022-04-13 21:22:30] 接收控制信息：是否为管理员： false ，是否暂停时间： true ,时间倍速： 1

[2022-04-13 21:22:31] 接收控制信息：是否为管理员： false ，是否暂停时间： false ,时间倍速： 1

[2022-04-13 21:22:31] 接收控制信息：是否为管理员： false ，是否暂停时间： true ,时间倍速： 1

