[2022-05-24 21:42:24] 正在初始化
[2022-05-24 21:42:24] 成功加载 9 门课程
[2022-05-24 21:42:24] 初始化完成
[2022-05-24 21:42:24] Web 服务启动成功，请访问 http://localhost:9090 进入系统
[2022-05-24 21:42:42] 2021/1/4 星期6 00:00  控制信息：[是否为管理员: true, 是否暂停时间: true, 时间倍速: 1]

[2022-05-24 21:42:46] 2021/1/4 星期6 00:00  新增作业: [2021/1/4 00:00, 课程名: 计算机网络, 作业标题: 链路层课后习题, 作业描述: 123]

[2022-05-24 21:42:55] 1
[2022-05-24 21:42:55] 上传作业[1111111.docx]：原文件大小：0.00 KB
[2022-05-24 21:42:55] 上传作业：获取压缩后文件大小失败: CreateFile ./file/Compress/计算机网络//1111111: The system cannot find the file specified.
[2022-05-24 21:42:55] 1
[2022-05-24 21:42:55] 上传作业[1111111.docx]：原文件大小：0.00 KB
[2022-05-24 21:42:55] 上传作业：获取压缩后文件大小失败: CreateFile ./file/Compress/计算机网络//1111111: The system cannot find the file specified.
[2022-05-24 21:42:55] 1
[2022-05-24 21:42:55] 上传作业[1111111.docx]：原文件大小：0.00 KB
[2022-05-24 21:42:55] 上传作业：获取压缩后文件大小失败: CreateFile ./file/Compress/计算机网络//1111111: The system cannot find the file specified.
[2022-05-24 21:42:55] 1
[2022-05-24 21:42:55] 上传作业[1111111.docx]：原文件大小：0.00 KB
[2022-05-24 21:42:55] 上传作业：获取压缩后文件大小失败: CreateFile ./file/Compress/计算机网络//1111111: The system cannot find the file specified.
[2022-05-24 21:42:55] 1
[2022-05-24 21:42:55] 上传作业[1111111.docx]：原文件大小：0.00 KB
[2022-05-24 21:42:55] 上传作业：获取压缩后文件大小失败: CreateFile ./file/Compress/计算机网络//1111111: The system cannot find the file specified.
[2022-05-24 21:42:55] 1
[2022-05-24 21:42:55] 上传作业[1111111.docx]：原文件大小：0.00 KB
[2022-05-24 21:42:55] 上传作业：获取压缩后文件大小失败: CreateFile ./file/Compress/计算机网络//1111111: The system cannot find the file specified.
[2022-05-24 21:42:55] 1
[2022-05-24 21:42:55] 上传作业[1111111.docx]：原文件大小：0.00 KB
[2022-05-24 21:42:55] 上传作业：获取压缩后文件大小失败: CreateFile ./file/Compress/计算机网络//1111111: The system cannot find the file specified.
[2022-05-24 21:42:55] 2021/1/4 星期6 00:00  上传作业: [2021/1/4 00:00, 课程名: 计算机网络, 作业标题: 链路层课后习题, 作业名: 1111111.docx, 作业备注: 123]

[2022-05-24 21:43:10] 2
[2022-05-24 21:43:10] 上传作业[（补充）api和一些数据结构的要求.docx]：原文件大小：793.30 KB
[2022-05-24 21:43:11] 上传作业[（补充）api和一些数据结构的要求.docx]：压缩后文件大小：795.72 KB
[2022-05-24 21:43:11] 压缩文件 （补充）api和一些数据结构的要求.docx，压缩率 100.30%
[2022-05-24 21:43:11] 验证成功！解压文件[（补充）api和一些数据结构的要求.docx]MD5与原文件一致
[2022-05-24 21:43:11] 2021/1/4 星期6 00:00  存入文件 （补充）api和一些数据结构的要求.docx
[2022-05-24 21:43:11] 2021/1/4 星期6 00:00  上传作业: [2021/1/4 00:00, 课程名: 计算机网络, 作业标题: 链路层课后习题, 作业名: （补充）api和一些数据结构的要求.docx, 作业备注: 123]

