[2022-06-12 14:53:04] 正在初始化
[2022-06-12 14:53:04] 成功加载 9 门课程
[2022-06-12 14:53:04] 初始化完成
[2022-06-12 14:53:04] Web 服务启动成功，请访问 http://localhost:9090 进入系统
[2022-06-12 14:53:12] 文件 文本1.txt 压缩前大小: 11.14 KB
[2022-06-12 14:53:12] 当前文件的字符串hash值为 4031315243424984798 
[2022-06-12 14:53:12] 文件 文本1.txt 压缩后大小: 9.02 KB
[2022-06-12 14:53:12] 压缩文件 [文本1.txt]，压缩率 80.94%
[2022-06-12 14:53:12] 验证成功！解压文件[文本1.txt]的MD5值与原文件一致
[2022-06-12 14:53:12] 2021/1/6 星期1 00:29  存入文件 [文本1.txt]
[2022-06-12 14:53:12] 2021/1/6 星期1 00:29  上传资料: [2021/1/6 00:29, 课程名: 计算机网络, 资料名: 文本1.txt, 资料备注: ]

[2022-06-12 14:53:22] 文件 文本2.txt 压缩前大小: 9.96 KB
[2022-06-12 14:53:22] 当前文件的字符串hash值为 1690006387403173598 
[2022-06-12 14:53:22] 与文件 document\file\Resource\计算机网络\文本1.txt 的相似度为 65.88 %
[2022-06-12 14:53:22] 与文件 document\file\Resource\计算机网络\文本1.txt 汉明距离为 35
[2022-06-12 14:53:22] 文件 文本2.txt 压缩后大小: 8.17 KB
[2022-06-12 14:53:22] 压缩文件 [文本2.txt]，压缩率 82.03%
[2022-06-12 14:53:22] 验证成功！解压文件[文本2.txt]的MD5值与原文件一致
[2022-06-12 14:53:22] 2021/1/6 星期1 00:29  存入文件 [文本2.txt]
[2022-06-12 14:53:22] 2021/1/6 星期1 00:29  上传资料: [2021/1/6 00:29, 课程名: 计算机网络, 资料名: 文本2.txt, 资料备注: ]

