[2022-06-14 22:40:09] 正在初始化
[2022-06-14 22:40:09] 成功加载 9 门课程
[2022-06-14 22:40:09] 初始化完成
[2022-06-14 22:40:09] Web 服务启动成功，请访问 http://localhost:9090 进入系统
[2022-06-14 22:40:25] 2021/1/6 星期1 00:29  新增闹钟: [星期1 00:00, 备注: , 重复次数: 仅响一次]

[2022-06-14 22:40:25] 新增闹钟,周期：仅响一次，时间：0-0-0，备注:
[2022-06-14 22:40:44] 2021/1/6 星期1 00:29  控制信息：[是否为管理员: false, 是否暂停时间: false, 时间倍速: 1]

[2022-06-14 22:40:45] 2021/1/6 星期1 00:34  控制信息：[是否为管理员: false, 是否暂停时间: true, 时间倍速: 1]

[2022-06-14 22:40:46] 旅客规划成功，总距离：731,总时间：12.183333秒，路线:[{"FromID":1,"ToID":2,"FromX":116.29036,"FromY":40.163069,"ToX":116.29235,"ToY":40.163672,"IsBycle":false,"FootDuration":2.9,"BycleDuration":0.58,"SectionLength":174},{"FromID":2,"ToID":7,"FromX":116.29235,"FromY":40.163672,"ToX":116.294065,"ToY":40.164131,"IsBycle":false,"FootDuration":2.8333333,"BycleDuration":0.56666666,"SectionLength":170},{"FromID":7,"ToID":12,"FromX":116.294065,"FromY":40.164131,"ToX":116.294901,"ToY":40.164348,"IsBycle":false,"FootDuration":1.2666667,"BycleDuration":0.25333333,"SectionLength":76},{"FromID":12,"ToID":17,"FromX":116.294901,"FromY":40.164348,"ToX":116.295691,"ToY":40.164544,"IsBycle":false,"FootDuration":1.1333333,"BycleDuration":0.22666667,"SectionLength":68},{"FromID":17,"ToID":23,"FromX":116.295691,"FromY":40.164544,"ToX":116.296572,"ToY":40.164768,"IsBycle":false,"FootDuration":0.93333334,"BycleDuration":0.18666667,"SectionLength":56},{"FromID":23,"ToID":26,"FromX":116.296572,"FromY":40.164768,"ToX":116.297501,"ToY":40.164999,"IsBycle":false,"FootDuration":1.75,"BycleDuration":0.35,"SectionLength":105},{"FromID":26,"ToID":27,"FromX":116.297501,"FromY":40.164999,"ToX":116.29782,"ToY":40.164654,"IsBycle":false,"FootDuration":1.3666667,"BycleDuration":0.27333334,"SectionLength":82}]

[2022-06-14 22:40:46] 2021/1/6 星期1 00:34  开始导航

[2022-06-14 22:40:47] 2021/1/6 星期1 00:34  控制信息：[是否为管理员: false, 是否暂停时间: false, 时间倍速: 1]

[2022-06-14 22:40:47] 2021/1/6 星期1 00:34  继续导航

[2022-06-14 22:40:49] 2021/1/6 星期1 00:47  停止导航

[2022-06-14 22:41:49] 文件 bmp测试.bmp 压缩前大小: 1415.32 KB
[2022-06-14 22:41:49] 与文件 document\file\Resource\计算机网络\37组-数据结构自评表.docx 的相似度为 41.11 %
[2022-06-14 22:41:49] 与文件 document\file\Resource\计算机网络\37组-数据结构自评表.docx 汉明距离为 28
[2022-06-14 22:41:49] 与文件 document\file\Resource\计算机网络\notes.txt 的相似度为 43.77 %
[2022-06-14 22:41:49] 与文件 document\file\Resource\计算机网络\notes.txt 汉明距离为 36
[2022-06-14 22:41:49] 文件 bmp测试.bmp 压缩后大小: 368.17 KB
[2022-06-14 22:41:49] 压缩文件 [bmp测试.bmp]，压缩率 26.01%
[2022-06-14 22:41:49] 验证成功！解压文件[bmp测试.bmp]的MD5值与原文件一致
[2022-06-14 22:41:49] 2021/1/6 星期1 06:47  存入文件 [bmp测试.bmp]
[2022-06-14 22:41:49] 2021/1/6 星期1 06:47  上传资料: [2021/1/6 06:47, 课程名: 计算机网络, 资料名: bmp测试.bmp, 资料备注: ]

[2022-06-14 22:42:37] 2021/1/6 星期1 11:35  控制信息：[是否为管理员: false, 是否暂停时间: true, 时间倍速: 1]

