[2022-06-12 14:47:27] 正在初始化
[2022-06-12 14:47:27] 成功加载 9 门课程
[2022-06-12 14:47:27] 初始化完成
[2022-06-12 14:47:27] Web 服务启动成功，请访问 http://localhost:9090 进入系统
[2022-06-12 14:47:45] 文件 文本1.txt 压缩前大小: 0.86 KB
[2022-06-12 14:47:45] 当前文件的字符串hash值为 1024122889481510836 
[2022-06-12 14:47:45] 文件 文本1.txt 压缩后大小: 1.93 KB
[2022-06-12 14:47:45] 压缩文件 [文本1.txt]，压缩率 224.01%
[2022-06-12 14:47:45] 验证成功！解压文件[文本1.txt]的MD5值与原文件一致
[2022-06-12 14:47:45] 2021/1/6 星期1 00:29  存入文件 [文本1.txt]
[2022-06-12 14:47:45] 2021/1/6 星期1 00:29  上传资料: [2021/1/6 00:29, 课程名: 计算机网络, 资料名: 文本1.txt, 资料备注: ]

[2022-06-12 14:47:55] 文件 文本2.txt 压缩前大小: 0.86 KB
[2022-06-12 14:47:55] 当前文件的字符串hash值为 1889100991008432048 
[2022-06-12 14:47:55] 与文件 document\file\Resource\计算机网络\文本1.txt 的相似度为 27.64 %
[2022-06-12 14:47:55] 与文件 document\file\Resource\计算机网络\文本1.txt 汉明距离为 24
[2022-06-12 14:47:55] 文件 文本2.txt 压缩后大小: 1.96 KB
[2022-06-12 14:47:55] 压缩文件 [文本2.txt]，压缩率 227.53%
[2022-06-12 14:47:55] 验证成功！解压文件[文本2.txt]的MD5值与原文件一致
[2022-06-12 14:47:55] 2021/1/6 星期1 00:29  存入文件 [文本2.txt]
[2022-06-12 14:47:55] 2021/1/6 星期1 00:29  上传资料: [2021/1/6 00:29, 课程名: 计算机网络, 资料名: 文本2.txt, 资料备注: ]

