[2022-06-12 14:49:36] 正在初始化
[2022-06-12 14:49:36] 成功加载 9 门课程
[2022-06-12 14:49:36] 初始化完成
[2022-06-12 14:49:36] Web 服务启动成功，请访问 http://localhost:9090 进入系统
[2022-06-12 14:49:48] 文件 文本1.txt 压缩前大小: 2.04 KB
[2022-06-12 14:49:48] 当前文件的字符串hash值为 1026374818714770128 
[2022-06-12 14:49:48] 文件 文本1.txt 压缩后大小: 2.98 KB
[2022-06-12 14:49:48] 压缩文件 [文本1.txt]，压缩率 146.49%
[2022-06-12 14:49:48] 验证成功！解压文件[文本1.txt]的MD5值与原文件一致
[2022-06-12 14:49:48] 2021/1/6 星期1 00:29  存入文件 [文本1.txt]
[2022-06-12 14:49:48] 2021/1/6 星期1 00:29  上传资料: [2021/1/6 00:29, 课程名: 计算机网络, 资料名: 文本1.txt, 资料备注: ]

[2022-06-12 14:49:55] 文件 文本2.txt 压缩前大小: 2.07 KB
[2022-06-12 14:49:55] 当前文件的字符串hash值为 1026374814419802864 
[2022-06-12 14:49:55] 与文件 document\file\Resource\计算机网络\文本1.txt 的相似度为 17.01 %
[2022-06-12 14:49:55] 与文件 document\file\Resource\计算机网络\文本1.txt 汉明距离为 30
[2022-06-12 14:49:55] 文件 文本2.txt 压缩后大小: 3.13 KB
[2022-06-12 14:49:55] 压缩文件 [文本2.txt]，压缩率 150.84%
[2022-06-12 14:49:55] 验证成功！解压文件[文本2.txt]的MD5值与原文件一致
[2022-06-12 14:49:55] 2021/1/6 星期1 00:29  存入文件 [文本2.txt]
[2022-06-12 14:49:55] 2021/1/6 星期1 00:29  上传资料: [2021/1/6 00:29, 课程名: 计算机网络, 资料名: 文本2.txt, 资料备注: ]

